#
# There is insufficient memory for the Java Runtime Environment to continue.
# Native memory allocation (mmap) failed to map 199229440 bytes for Failed to commit area from 0x0000000742200000 to 0x000000074e000000 of length 199229440.
# Possible reasons:
#   The system is out of physical RAM or swap space
#   The process is running with CompressedOops enabled, and the Java Heap may be blocking the growth of the native heap
# Possible solutions:
#   Reduce memory load on the system
#   Increase physical memory or swap space
#   Check if swap backing store is full
#   Decrease Java heap size (-Xmx/-Xms)
#   Decrease number of Java threads
#   Decrease Java thread stack sizes (-Xss)
#   Set larger code cache with -XX:ReservedCodeCacheSize=
# This output file may be truncated or incomplete.
#
#  Out of Memory Error (t:/workspace/open/src/hotspot/os/windows/os_windows.cpp:3264), pid=10380, tid=17508
#
# JRE version:  (12.0.2+10) (build )
# Java VM: Java HotSpot(TM) 64-Bit Server VM (12.0.2+10, mixed mode, aot, sharing, tiered, compressed oops, g1 gc, windows-amd64)
# No core dump will be written. Minidumps are not enabled by default on client versions of Windows
#

---------------  S U M M A R Y ------------

Command Line: -XX:TieredStopAtLevel=1 -Xverify:none -Dspring.output.ansi.enabled=always -Dcom.sun.management.jmxremote -Dspring.jmx.enabled=true -Dspring.liveBeansView.mbeanDomain -Dspring.application.admin.enabled=true -javaagent:D:\Program Files\JetBrains\IntelliJ IDEA 2020.1\lib\idea_rt.jar=65451:D:\Program Files\JetBrains\IntelliJ IDEA 2020.1\bin -Dfile.encoding=UTF-8 com.example.tagtool.TagtoolApplication

Host: Intel(R) Core(TM) i5-6200U CPU @ 2.30GHz, 4 cores, 11G,  Windows 10 , 64 bit Build 18362 (10.0.18362.959)
Time: Mon Aug 24 19:02:17 2020 ?D1¨²¡À¨º¡Á?¨º¡À?? elapsed time: 0 seconds (0d 0h 0m 0s)

---------------  T H R E A D  ---------------

Current thread (0x0000012ca7576000):  JavaThread "Unknown thread" [_thread_in_vm, id=17508, stack(0x0000002325e00000,0x0000002325f00000)]

Stack: [0x0000002325e00000,0x0000002325f00000]
Native frames: (J=compiled Java code, j=interpreted, Vv=VM code, C=native code)
V  [jvm.dll+0x63aa2a]
V  [jvm.dll+0x78ce1e]
V  [jvm.dll+0x78e4c1]
V  [jvm.dll+0x78eb13]
V  [jvm.dll+0x2627e8]
V  [jvm.dll+0x637f5a]
V  [jvm.dll+0x62c845]
V  [jvm.dll+0x31e49c]
V  [jvm.dll+0x31e2cf]
V  [jvm.dll+0x324006]
V  [jvm.dll+0x371f56]
V  [jvm.dll+0x371720]
V  [jvm.dll+0x2f845a]
V  [jvm.dll+0x2f96d2]
V  [jvm.dll+0x767267]
V  [jvm.dll+0x7689f5]
V  [jvm.dll+0x380059]
V  [jvm.dll+0x74b794]
V  [jvm.dll+0x3ef5cd]
V  [jvm.dll+0x3f1471]
C  [jli.dll+0x51cf]
C  [ucrtbase.dll+0x20e82]
C  [KERNEL32.DLL+0x17bd4]
C  [ntdll.dll+0x6ce51]


---------------  P R O C E S S  ---------------

Threads class SMR info:
_java_thread_list=0x00007ffda23e7928, length=0, elements={
}

Java Threads: ( => current thread )

Other Threads:
  0x0000012ca75c8000 GCTaskThread "GC Thread#0" [stack: 0x0000002325f00000,0x0000002326000000] [id=15588]
  0x0000012ca75db800 ConcurrentGCThread "G1 Main Marker" [stack: 0x0000002326000000,0x0000002326100000] [id=12920]
  0x0000012ca75dd000 ConcurrentGCThread "G1 Conc#0" [stack: 0x0000002326100000,0x0000002326200000] [id=5436]

[error occurred during error reporting (printing all threads), id 0xc0000005, EXCEPTION_ACCESS_VIOLATION (0xc0000005) at pc=0x00007ffda1c185e7]

VM state:not at safepoint (not fully initialized)

VM Mutex/Monitor currently owned by a thread:  ([mutex/lock_event])
[0x0000012ca7571720] Heap_lock - owner thread: 0x0000012ca7576000

Heap address: 0x0000000742200000, size: 3038 MB, Compressed Oops mode: Non-zero based: 0x0000000742200000
Narrow klass base: 0x0000000000000000, Narrow klass shift: 0

GC Heap History (0 events):
No events

Deoptimization events (0 events):
No events

Classes redefined (0 events):
No events

Internal exceptions (0 events):
No events

Events (0 events):
No events


Dynamic libraries:
0x00007ff7daba0000 - 0x00007ff7dabaf000 	D:\Java\jdk-12.0.2\bin\java.exe
0x00007ffde19e0000 - 0x00007ffde1bd0000 	C:\Windows\SYSTEM32\ntdll.dll
0x00007ffddfc60000 - 0x00007ffddfd12000 	C:\Windows\System32\KERNEL32.DLL
0x00007ffddec00000 - 0x00007ffddeea4000 	C:\Windows\System32\KERNELBASE.dll
0x00007ffddeeb0000 - 0x00007ffddefaa000 	C:\Windows\System32\ucrtbase.dll
0x00007ffdd9570000 - 0x00007ffdd9588000 	D:\Java\jdk-12.0.2\bin\jli.dll
0x00007ffddfbb0000 - 0x00007ffddfc53000 	C:\Windows\System32\ADVAPI32.dll
0x00007ffde00c0000 - 0x00007ffde015e000 	C:\Windows\System32\msvcrt.dll
0x00007ffde0210000 - 0x00007ffde02a7000 	C:\Windows\System32\sechost.dll
0x00007ffde0890000 - 0x00007ffde09b0000 	C:\Windows\System32\RPCRT4.dll
0x00007ffde0500000 - 0x00007ffde0695000 	C:\Windows\System32\USER32.dll
0x00007ffddf980000 - 0x00007ffddf9a1000 	C:\Windows\System32\win32u.dll
0x00007ffde0f60000 - 0x00007ffde0f86000 	C:\Windows\System32\GDI32.dll
0x00007ffddea10000 - 0x00007ffddeba6000 	C:\Windows\System32\gdi32full.dll
0x00007ffddf8e0000 - 0x00007ffddf97e000 	C:\Windows\System32\msvcp_win.dll
0x00007ffdd9e10000 - 0x00007ffdd9e26000 	D:\Java\jdk-12.0.2\bin\VCRUNTIME140.dll
0x00007ffdd00d0000 - 0x00007ffdd0354000 	C:\Windows\WinSxS\amd64_microsoft.windows.common-controls_6595b64144ccf1df_6.0.18362.1016_none_9e7a36bbe461dae4\COMCTL32.dll
0x00007ffddfd20000 - 0x00007ffde0055000 	C:\Windows\System32\combase.dll
0x00007ffddf9b0000 - 0x00007ffddfa30000 	C:\Windows\System32\bcryptPrimitives.dll
0x00007ffdcec20000 - 0x00007ffdcec2a000 	C:\Windows\SYSTEM32\VERSION.dll
0x00007ffde0f90000 - 0x00007ffde0fbe000 	C:\Windows\System32\IMM32.DLL
0x00007ffdc8a80000 - 0x00007ffdc8b2a000 	D:\Java\jdk-12.0.2\bin\msvcp140.dll
0x00007ffda1910000 - 0x00007ffda2487000 	D:\Java\jdk-12.0.2\bin\server\jvm.dll
0x00007ffddfba0000 - 0x00007ffddfba8000 	C:\Windows\System32\PSAPI.DLL
0x00007ffdcf980000 - 0x00007ffdcf989000 	C:\Windows\SYSTEM32\WSOCK32.dll
0x00007ffde06a0000 - 0x00007ffde070f000 	C:\Windows\System32\WS2_32.dll
0x00007ffddb530000 - 0x00007ffddb554000 	C:\Windows\SYSTEM32\WINMM.dll
0x00007ffddb500000 - 0x00007ffddb52d000 	C:\Windows\SYSTEM32\WINMMBASE.dll
0x00007ffddebb0000 - 0x00007ffddebfa000 	C:\Windows\System32\cfgmgr32.dll
0x00007ffdde8a0000 - 0x00007ffdde8b1000 	C:\Windows\System32\kernel.appcore.dll
0x00007ffdd9400000 - 0x00007ffdd9411000 	D:\Java\jdk-12.0.2\bin\verify.dll
0x00007ffdcaec0000 - 0x00007ffdcb0b4000 	C:\Windows\SYSTEM32\DBGHELP.DLL
0x00007ffdcae90000 - 0x00007ffdcaeba000 	C:\Windows\SYSTEM32\dbgcore.DLL
0x00007ffdd0a00000 - 0x00007ffdd0a26000 	D:\Java\jdk-12.0.2\bin\java.dll
0x00007ffdd9e70000 - 0x00007ffdd9e7e000 	D:\Java\jdk-12.0.2\bin\instrument.dll
0x00007ffdd93e0000 - 0x00007ffdd93f7000 	D:\Java\jdk-12.0.2\bin\zip.dll
0x00007ffddb5c0000 - 0x00007ffddb5ca000 	D:\Java\jdk-12.0.2\bin\jimage.dll

dbghelp: loaded successfully - version: 4.0.5 - missing functions: none
symbol engine: initialized successfully - sym options: 0x614 - pdb path: .;D:\Java\jdk-12.0.2\bin;C:\Windows\SYSTEM32;C:\Windows\WinSxS\amd64_microsoft.windows.common-controls_6595b64144ccf1df_6.0.18362.1016_none_9e7a36bbe461dae4;D:\Java\jdk-12.0.2\bin\server

VM Arguments:
jvm_args: -XX:TieredStopAtLevel=1 -Xverify:none -Dspring.output.ansi.enabled=always -Dcom.sun.management.jmxremote -Dspring.jmx.enabled=true -Dspring.liveBeansView.mbeanDomain -Dspring.application.admin.enabled=true -javaagent:D:\Program Files\JetBrains\IntelliJ IDEA 2020.1\lib\idea_rt.jar=65451:D:\Program Files\JetBrains\IntelliJ IDEA 2020.1\bin -Dfile.encoding=UTF-8 
java_command: com.example.tagtool.TagtoolApplication
java_class_path (initial): F:\tagtool_file\tagtoolserver\target\classes;D:\apache-maven-3.6.2\MavenRepository\repo\org\springframework\boot\spring-boot-starter-jdbc\2.1.8.RELEASE\spring-boot-starter-jdbc-2.1.8.RELEASE.jar;D:\apache-maven-3.6.2\MavenRepository\repo\org\springframework\boot\spring-boot-starter\2.1.8.RELEASE\spring-boot-starter-2.1.8.RELEASE.jar;D:\apache-maven-3.6.2\MavenRepository\repo\org\springframework\boot\spring-boot-starter-logging\2.1.8.RELEASE\spring-boot-starter-logging-2.1.8.RELEASE.jar;D:\apache-maven-3.6.2\MavenRepository\repo\ch\qos\logback\logback-classic\1.2.3\logback-classic-1.2.3.jar;D:\apache-maven-3.6.2\MavenRepository\repo\ch\qos\logback\logback-core\1.2.3\logback-core-1.2.3.jar;D:\apache-maven-3.6.2\MavenRepository\repo\org\apache\logging\log4j\log4j-to-slf4j\2.11.2\log4j-to-slf4j-2.11.2.jar;D:\apache-maven-3.6.2\MavenRepository\repo\org\apache\logging\log4j\log4j-api\2.11.2\log4j-api-2.11.2.jar;D:\apache-maven-3.6.2\MavenRepository\repo\org\slf4j\jul-to-slf4j\1.7.28\jul-to-slf4j-1.7.28.jar;D:\apache-maven-3.6.2\MavenRepository\repo\javax\annotation\javax.annotation-api\1.3.2\javax.annotation-api-1.3.2.jar;D:\apache-maven-3.6.2\MavenRepository\repo\org\yaml\snakeyaml\1.23\snakeyaml-1.23.jar;D:\apache-maven-3.6.2\MavenRepository\repo\com\zaxxer\HikariCP\3.2.0\HikariCP-3.2.0.jar;D:\apache-maven-3.6.2\MavenRepository\repo\org\slf4j\slf4j-api\1.7.28\slf4j-api-1.7.28.jar;D:\apache-maven-3.6.2\MavenRepository\repo\org\springframework\spring-jdbc\5.1.9.RELEASE\spring-jdbc-5.1.9.RELEASE.jar;D:\apache-maven-3.6.2\MavenRepository\repo\org\springframework\spring-beans\5.1.9.RELEASE\spring-beans-5.1.9.RELEASE.jar;D:\apache-maven-3.6.2\MavenRepository\repo\org\springframework\spring-tx\5.1.9.RELEASE\spring-tx-5.1.9.RELEASE.jar;D:\apache-maven-3.6.2\MavenRepository\repo\org\springframework\boot\spring-boot-starter-web\2.1.8.RELEASE\spring-boot-starter-web-2.1.8.RELEASE.jar;D:\apache-maven-3.6.2\MavenRepository\repo\org\springframework\boot\s
Launcher Type: SUN_STANDARD

[Global flags]
     bool BytecodeVerificationLocal                = false                                     {product} {command line}
     bool BytecodeVerificationRemote               = false                                     {product} {command line}
     intx CICompilerCount                          = 3                                         {product} {ergonomic}
     uint ConcGCThreads                            = 1                                         {product} {ergonomic}
     uint G1ConcRefinementThreads                  = 4                                         {product} {ergonomic}
   size_t G1HeapRegionSize                         = 1048576                                   {product} {ergonomic}
    uintx GCDrainStackTargetSize                   = 64                                        {product} {ergonomic}
   size_t InitialHeapSize                          = 199229440                                 {product} {ergonomic}
     bool ManagementServer                         = true                                      {product} {command line}
   size_t MarkStackSize                            = 4194304                                   {product} {ergonomic}
   size_t MaxHeapSize                              = 3185573888                                {product} {ergonomic}
   size_t MinHeapDeltaBytes                        = 1048576                                   {product} {ergonomic}
    uintx NonNMethodCodeHeapSize                   = 6973028                                {pd product} {ergonomic}
    uintx NonProfiledCodeHeapSize                  = 244685212                              {pd product} {ergonomic}
    uintx ProfiledCodeHeapSize                     = 0                                      {pd product} {ergonomic}
    uintx ReservedCodeCacheSize                    = 251658240                              {pd product} {ergonomic}
     bool SegmentedCodeCache                       = true                                      {product} {ergonomic}
     intx TieredStopAtLevel                        = 1                                         {product} {command line}
     bool UseCompressedClassPointers               = true                                 {lp64_product} {ergonomic}
     bool UseCompressedOops                        = true                                 {lp64_product} {ergonomic}
     bool UseG1GC                                  = true                                      {product} {ergonomic}
     bool UseLargePagesIndividualAllocation        = false                                  {pd product} {ergonomic}

Logging:
Log output configuration:
 #0: stdout all=warning uptime,level,tags
 #1: stderr all=off uptime,level,tags

Environment Variables:
JAVA_HOME=D:\Java\jdk-12.0.2
PATH=D:\Program Files (x86)\NetSarang\Xshell 6\;C:\Windows\system32;C:\Windows;C:\Windows\System32\Wbem;C:\Windows\System32\WindowsPowerShell\v1.0\;C:\Windows\System32\OpenSSH\;D:\node.js\;D:\Java\jdk-12.0.2\bin;D:\MySQL Server 8.0\bin;D:\apache-maven-3.6.2\bin;D:\Program Files\MATLAB\R2017b\runtime\win64;D:\Program Files\MATLAB\R2017b\bin;D:\MATLAB Production Server\R2015a\runtime\win64;D:\MATLAB Production Server\R2015a\bin;D:\MATLAB Production Server\R2015a\polyspace\bin;D:\mingw64\bin;D:\Anaconda3;D:\Anaconda3\Library\mingw-w64\bin;D:\Anaconda3\Library\usr\bin;D:\Anaconda3\Library\bin;D:\Anaconda3\Scripts;C:\Users\LWZ\AppData\Local\Microsoft\WindowsApps;D:\Microsoft VS Code\bin;C:\Users\LWZ\AppData\Roaming\npm;D:\Program Files\Bandizip\
USERNAME=LWZ
OS=Windows_NT
PROCESSOR_IDENTIFIER=Intel64 Family 6 Model 78 Stepping 3, GenuineIntel



---------------  S Y S T E M  ---------------

OS: Windows 10 , 64 bit Build 18362 (10.0.18362.959)

CPU:total 4 (initial active 4) (2 cores per cpu, 2 threads per core) family 6 model 78 stepping 3, cmov, cx8, fxsr, mmx, sse, sse2, sse3, ssse3, sse4.1, sse4.2, popcnt, avx, avx2, aes, clmul, erms, 3dnowpref, lzcnt, ht, tsc, tscinvbit, bmi1, bmi2, adx, fma

Memory: 4k page, system-wide physical 12146M (6365M free)
TotalPageFile size 39683M (AvailPageFile size 113M)
current process WorkingSet (physical memory assigned to process): 10M, peak: 10M
current process commit charge ("private bytes"): 49M, peak: 239M

vm_info: Java HotSpot(TM) 64-Bit Server VM (12.0.2+10) for windows-amd64 JRE (12.0.2+10), built on Jul 16 2019 01:56:17 by "mach5one" with MS VC++ 15.5 (VS2017)

END.
