#
# There is insufficient memory for the Java Runtime Environment to continue.
# Native memory allocation (mmap) failed to map 199229440 bytes for Failed to commit area from 0x0000000742200000 to 0x000000074e000000 of length 199229440.
# Possible reasons:
#   The system is out of physical RAM or swap space
#   The process is running with CompressedOops enabled, and the Java Heap may be blocking the growth of the native heap
# Possible solutions:
#   Reduce memory load on the system
#   Increase physical memory or swap space
#   Check if swap backing store is full
#   Decrease Java heap size (-Xmx/-Xms)
#   Decrease number of Java threads
#   Decrease Java thread stack sizes (-Xss)
#   Set larger code cache with -XX:ReservedCodeCacheSize=
# This output file may be truncated or incomplete.
#
#  Out of Memory Error (c:/BuildAgent/work/1eae4dac1d648407/src/hotspot/os/windows/os_windows.cpp:3296), pid=14232, tid=21164
#
# JRE version:  (11.0.6+8) (build )
# Java VM: OpenJDK 64-Bit Server VM (11.0.6+8-b765.25, mixed mode, sharing, tiered, compressed oops, g1 gc, windows-amd64)
# No core dump will be written. Minidumps are not enabled by default on client versions of Windows
#

---------------  S U M M A R Y ------------

Command Line: -Dmaven.multiModuleProjectDirectory=C:\Users\LWZ\Desktop\file\tagtoolserver -Dmaven.home=D:\apache-maven-3.6.2 -Dclassworlds.conf=D:\apache-maven-3.6.2\bin\m2.conf -Dmaven.ext.class.path=D:\Program Files\JetBrains\IntelliJ IDEA 2020.1\plugins\maven\lib\maven-event-listener.jar -javaagent:D:\Program Files\JetBrains\IntelliJ IDEA 2020.1\lib\idea_rt.jar=53982:D:\Program Files\JetBrains\IntelliJ IDEA 2020.1\bin -Dfile.encoding=UTF-8 org.codehaus.classworlds.Launcher -Didea.version2020.1 -s D:\apache-maven-3.6.2\conf\settings.xml -Dmaven.repo.local=D:\apache-maven-3.6.2\MavenRepository\repo org.apache.maven.plugins:maven-clean-plugin:3.1.0:clean

Host: Intel(R) Core(TM) i5-6200U CPU @ 2.30GHz, 4 cores, 11G,  Windows 10 , 64 bit Build 18362 (10.0.18362.329)
Time: Sat Apr 11 14:09:11 2020 ?D1¨²¡À¨º¡Á?¨º¡À?? elapsed time: 0 seconds (0d 0h 0m 0s)

---------------  T H R E A D  ---------------

Current thread (0x0000020ade24a000):  JavaThread "Unknown thread" [_thread_in_vm, id=21164, stack(0x00000025fe400000,0x00000025fe500000)]

Stack: [0x00000025fe400000,0x00000025fe500000]
Native frames: (J=compiled Java code, j=interpreted, Vv=VM code, C=native code)
V  [jvm.dll+0x5de3ca]
V  [jvm.dll+0x710ae5]
V  [jvm.dll+0x712005]
V  [jvm.dll+0x7126b3]
V  [jvm.dll+0x23e708]
V  [jvm.dll+0x5db874]
V  [jvm.dll+0x5d0aa5]
V  [jvm.dll+0x2fb0fb]
V  [jvm.dll+0x2fb06a]
V  [jvm.dll+0x2faf42]
V  [jvm.dll+0x2ffe16]
V  [jvm.dll+0x348723]
V  [jvm.dll+0x348e26]
V  [jvm.dll+0x348823]
V  [jvm.dll+0x2d58a8]
V  [jvm.dll+0x2d6a47]
V  [jvm.dll+0x6ef917]
V  [jvm.dll+0x6f110c]
V  [jvm.dll+0x355d69]
V  [jvm.dll+0x6d4afe]
V  [jvm.dll+0x3bf3d3]
V  [jvm.dll+0x3c1921]
C  [jli.dll+0x5363]
C  [ucrtbase.dll+0x20e72]
C  [KERNEL32.DLL+0x17bd4]
C  [ntdll.dll+0x6ced1]


---------------  P R O C E S S  ---------------

Threads class SMR info:
_java_thread_list=0x0000020adc196000, length=0, elements={
}

Java Threads: ( => current thread )

Other Threads:
  0x0000020ade263800 GCTaskThread "GC Thread#0" [stack: 0x00000025fe500000,0x00000025fe600000] [id=15056]
  0x0000020ade2a9800 ConcurrentGCThread "G1 Main Marker" [stack: 0x00000025fe600000,0x00000025fe700000] [id=11316]
  0x0000020ade2ac000 ConcurrentGCThread "G1 Conc#0" [stack: 0x00000025fe700000,0x00000025fe800000] [id=15672]

[error occurred during error reporting (printing all threads), id 0xc0000005, EXCEPTION_ACCESS_VIOLATION (0xc0000005) at pc=0x00007ffacc3b6227]

VM state:not at safepoint (not fully initialized)

VM Mutex/Monitor currently owned by a thread:  ([mutex/lock_event])
[0x0000020ade246850] Heap_lock - owner thread: 0x0000020ade24a000

Heap address: 0x0000000742200000, size: 3038 MB, Compressed Oops mode: Non-zero based: 0x0000000742200000
Narrow klass base: 0x0000000000000000, Narrow klass shift: 0

GC Heap History (0 events):
No events

Deoptimization events (0 events):
No events

Classes redefined (0 events):
No events

Internal exceptions (0 events):
No events

Events (2 events):
Event: 0.317 Loaded shared library D:\Program Files\JetBrains\IntelliJ IDEA 2020.1\jbr\bin\zip.dll
Event: 0.349 Loaded shared library D:\Program Files\JetBrains\IntelliJ IDEA 2020.1\jbr\bin\jimage.dll


Dynamic libraries:
0x00007ff67fb30000 - 0x00007ff67fb3a000 	D:\Program Files\JetBrains\IntelliJ IDEA 2020.1\jbr\bin\java.exe
0x00007ffafdaa0000 - 0x00007ffafdc90000 	C:\Windows\SYSTEM32\ntdll.dll
0x00007ffafbf00000 - 0x00007ffafbfb2000 	C:\Windows\System32\KERNEL32.DLL
0x00007ffafb4b0000 - 0x00007ffafb753000 	C:\Windows\System32\KERNELBASE.dll
0x00007ffafb950000 - 0x00007ffafba4a000 	C:\Windows\System32\ucrtbase.dll
0x00007ffaed6d0000 - 0x00007ffaed6e9000 	D:\Program Files\JetBrains\IntelliJ IDEA 2020.1\jbr\bin\jli.dll
0x00007ffafbd60000 - 0x00007ffafbef4000 	C:\Windows\System32\USER32.dll
0x00007ffafbb00000 - 0x00007ffafbb21000 	C:\Windows\System32\win32u.dll
0x00007ffafc100000 - 0x00007ffafc126000 	C:\Windows\System32\GDI32.dll
0x00007ffafb210000 - 0x00007ffafb3a4000 	C:\Windows\System32\gdi32full.dll
0x00007ffafb8b0000 - 0x00007ffafb94e000 	C:\Windows\System32\msvcp_win.dll
0x00007ffae6530000 - 0x00007ffae67b5000 	C:\Windows\WinSxS\amd64_microsoft.windows.common-controls_6595b64144ccf1df_6.0.18362.720_none_e6beb5c51314836b\COMCTL32.dll
0x00007ffafc970000 - 0x00007ffafca0e000 	C:\Windows\System32\msvcrt.dll
0x00007ffafc4d0000 - 0x00007ffafc806000 	C:\Windows\System32\combase.dll
0x00007ffafc2d0000 - 0x00007ffafc3f0000 	C:\Windows\System32\RPCRT4.dll
0x00007ffafb3e0000 - 0x00007ffafb460000 	C:\Windows\System32\bcryptPrimitives.dll
0x00007ffaed570000 - 0x00007ffaed587000 	D:\Program Files\JetBrains\IntelliJ IDEA 2020.1\jbr\bin\VCRUNTIME140.dll
0x00007ffafc400000 - 0x00007ffafc42e000 	C:\Windows\System32\IMM32.DLL
0x00007ffaea930000 - 0x00007ffaea9cd000 	D:\Program Files\JetBrains\IntelliJ IDEA 2020.1\jbr\bin\msvcp140.dll
0x00007ffacc0d0000 - 0x00007ffaccb8d000 	D:\Program Files\JetBrains\IntelliJ IDEA 2020.1\jbr\bin\server\jvm.dll
0x00007ffafd990000 - 0x00007ffafda33000 	C:\Windows\System32\ADVAPI32.dll
0x00007ffafc430000 - 0x00007ffafc4c7000 	C:\Windows\System32\sechost.dll
0x00007ffafc3f0000 - 0x00007ffafc3f8000 	C:\Windows\System32\PSAPI.DLL
0x00007ffaf81b0000 - 0x00007ffaf81d4000 	C:\Windows\SYSTEM32\WINMM.dll
0x00007ffaf2180000 - 0x00007ffaf218a000 	C:\Windows\SYSTEM32\VERSION.dll
0x00007ffaf8180000 - 0x00007ffaf81ad000 	C:\Windows\SYSTEM32\WINMMBASE.dll
0x00007ffafb460000 - 0x00007ffafb4aa000 	C:\Windows\System32\cfgmgr32.dll
0x00007ffaf63b0000 - 0x00007ffaf63b9000 	C:\Windows\SYSTEM32\WSOCK32.dll
0x00007ffafc200000 - 0x00007ffafc26f000 	C:\Windows\System32\WS2_32.dll
0x00007ffafa9c0000 - 0x00007ffafa9d1000 	C:\Windows\System32\kernel.appcore.dll
0x00007ffaf4590000 - 0x00007ffaf45a1000 	D:\Program Files\JetBrains\IntelliJ IDEA 2020.1\jbr\bin\verify.dll
0x00007ffae7ed0000 - 0x00007ffae80c4000 	C:\Windows\SYSTEM32\DBGHELP.DLL
0x00007ffae7c90000 - 0x00007ffae7cba000 	C:\Windows\SYSTEM32\dbgcore.DLL
0x00007ffaf4560000 - 0x00007ffaf4589000 	D:\Program Files\JetBrains\IntelliJ IDEA 2020.1\jbr\bin\java.dll
0x00007ffaed540000 - 0x00007ffaed54f000 	D:\Program Files\JetBrains\IntelliJ IDEA 2020.1\jbr\bin\instrument.dll
0x00007ffaf4540000 - 0x00007ffaf4558000 	D:\Program Files\JetBrains\IntelliJ IDEA 2020.1\jbr\bin\zip.dll
0x00007ffaf7900000 - 0x00007ffaf790b000 	D:\Program Files\JetBrains\IntelliJ IDEA 2020.1\jbr\bin\jimage.dll

dbghelp: loaded successfully - version: 4.0.5 - missing functions: none
symbol engine: initialized successfully - sym options: 0x614 - pdb path: .;D:\Program Files\JetBrains\IntelliJ IDEA 2020.1\jbr\bin;C:\Windows\SYSTEM32;C:\Windows\WinSxS\amd64_microsoft.windows.common-controls_6595b64144ccf1df_6.0.18362.720_none_e6beb5c51314836b;D:\Program Files\JetBrains\IntelliJ IDEA 2020.1\jbr\bin\server

VM Arguments:
jvm_args: -Dmaven.multiModuleProjectDirectory=C:\Users\LWZ\Desktop\file\tagtoolserver -Dmaven.home=D:\apache-maven-3.6.2 -Dclassworlds.conf=D:\apache-maven-3.6.2\bin\m2.conf -Dmaven.ext.class.path=D:\Program Files\JetBrains\IntelliJ IDEA 2020.1\plugins\maven\lib\maven-event-listener.jar -javaagent:D:\Program Files\JetBrains\IntelliJ IDEA 2020.1\lib\idea_rt.jar=53982:D:\Program Files\JetBrains\IntelliJ IDEA 2020.1\bin -Dfile.encoding=UTF-8 
java_command: org.codehaus.classworlds.Launcher -Didea.version2020.1 -s D:\apache-maven-3.6.2\conf\settings.xml -Dmaven.repo.local=D:\apache-maven-3.6.2\MavenRepository\repo org.apache.maven.plugins:maven-clean-plugin:3.1.0:clean
java_class_path (initial): D:\apache-maven-3.6.2\boot\plexus-classworlds-2.6.0.jar
Launcher Type: SUN_STANDARD

[Global flags]
     intx CICompilerCount                          = 3                                         {product} {ergonomic}
     uint ConcGCThreads                            = 1                                         {product} {ergonomic}
     uint G1ConcRefinementThreads                  = 4                                         {product} {ergonomic}
   size_t G1HeapRegionSize                         = 1048576                                   {product} {ergonomic}
    uintx GCDrainStackTargetSize                   = 64                                        {product} {ergonomic}
   size_t InitialHeapSize                          = 199229440                                 {product} {ergonomic}
   size_t MarkStackSize                            = 4194304                                   {product} {ergonomic}
   size_t MaxHeapSize                              = 3185573888                                {product} {ergonomic}
   size_t MinHeapDeltaBytes                        = 1048576                                   {product} {ergonomic}
    uintx NonNMethodCodeHeapSize                   = 5830732                                {pd product} {ergonomic}
    uintx NonProfiledCodeHeapSize                  = 122913754                              {pd product} {ergonomic}
    uintx ProfiledCodeHeapSize                     = 122913754                              {pd product} {ergonomic}
    uintx ReservedCodeCacheSize                    = 251658240                              {pd product} {ergonomic}
     bool SegmentedCodeCache                       = true                                      {product} {ergonomic}
     bool UseCompressedClassPointers               = true                                 {lp64_product} {ergonomic}
     bool UseCompressedOops                        = true                                 {lp64_product} {ergonomic}
     bool UseG1GC                                  = true                                      {product} {ergonomic}
     bool UseLargePagesIndividualAllocation        = false                                  {pd product} {ergonomic}

Logging:
Log output configuration:
 #0: stdout all=warning uptime,level,tags
 #1: stderr all=off uptime,level,tags

Environment Variables:
JAVA_HOME=D:\Java\jdk-12.0.2
PATH=C:\Windows\system32;C:\Windows;C:\Windows\System32\Wbem;C:\Windows\System32\WindowsPowerShell\v1.0\;C:\Windows\System32\OpenSSH\;D:\node.js\;D:\Java\jdk-12.0.2\bin;D:\MySQL Server 8.0\bin;D:\apache-maven-3.6.2\bin;D:\Program Files\MATLAB\R2017b\runtime\win64;D:\Program Files\MATLAB\R2017b\bin;D:\MATLAB Production Server\R2015a\runtime\win64;D:\MATLAB Production Server\R2015a\bin;D:\MATLAB Production Server\R2015a\polyspace\bin;D:\mingw64\bin;D:\Anaconda3;D:\Anaconda3\Library\mingw-w64\bin;D:\Anaconda3\Library\usr\bin;D:\Anaconda3\Library\bin;D:\Anaconda3\Scripts;C:\Users\LWZ\AppData\Local\Microsoft\WindowsApps;D:\Microsoft VS Code\bin;C:\Users\LWZ\AppData\Roaming\npm
USERNAME=LWZ
OS=Windows_NT
PROCESSOR_IDENTIFIER=Intel64 Family 6 Model 78 Stepping 3, GenuineIntel



---------------  S Y S T E M  ---------------

OS: Windows 10 , 64 bit Build 18362 (10.0.18362.329)

CPU:total 4 (initial active 4) (2 cores per cpu, 2 threads per core) family 6 model 78 stepping 3, cmov, cx8, fxsr, mmx, sse, sse2, sse3, ssse3, sse4.1, sse4.2, popcnt, avx, avx2, aes, clmul, erms, 3dnowpref, lzcnt, ht, tsc, tscinvbit, bmi1, bmi2, adx, fma

Memory: 4k page, system-wide physical 12146M (5209M free)
TotalPageFile size 39683M (AvailPageFile size 157M)
current process WorkingSet (physical memory assigned to process): 10M, peak: 10M
current process commit charge ("private bytes"): 51M, peak: 241M

vm_info: OpenJDK 64-Bit Server VM (11.0.6+8-b765.25) for windows-amd64 JRE (11.0.6+8-b765.25), built on Mar 30 2020 12:57:22 by "" with MS VC++ 14.0 (VS2015)

END.
