#
# There is insufficient memory for the Java Runtime Environment to continue.
# Native memory allocation (malloc) failed to allocate 1048576 bytes for AllocateHeap
# Possible reasons:
#   The system is out of physical RAM or swap space
#   The process is running with CompressedOops enabled, and the Java Heap may be blocking the growth of the native heap
# Possible solutions:
#   Reduce memory load on the system
#   Increase physical memory or swap space
#   Check if swap backing store is full
#   Decrease Java heap size (-Xmx/-Xms)
#   Decrease number of Java threads
#   Decrease Java thread stack sizes (-Xss)
#   Set larger code cache with -XX:ReservedCodeCacheSize=
#   JVM is running with Zero Based Compressed Oops mode in which the Java heap is
#     placed in the first 32GB address space. The Java Heap base address is the
#     maximum limit for the native heap growth. Please use -XX:HeapBaseMinAddress
#     to set the Java Heap base and to place the Java Heap above 32GB virtual address.
# This output file may be truncated or incomplete.
#
#  Out of Memory Error (t:/workspace/open/src/hotspot/share/memory/allocation.cpp:46), pid=14532, tid=15252
#
# JRE version: Java(TM) SE Runtime Environment (12.0.2+10) (build 12.0.2+10)
# Java VM: Java HotSpot(TM) 64-Bit Server VM (12.0.2+10, mixed mode, sharing, tiered, compressed oops, g1 gc, windows-amd64)
# No core dump will be written. Minidumps are not enabled by default on client versions of Windows
#

---------------  S U M M A R Y ------------

Command Line: -XX:TieredStopAtLevel=1 -Xverify:none -Dspring.output.ansi.enabled=always -Dcom.sun.management.jmxremote -Dspring.jmx.enabled=true -Dspring.liveBeansView.mbeanDomain -Dspring.application.admin.enabled=true -javaagent:D:\Program Files\JetBrains\IntelliJ IDEA 2020.1\lib\idea_rt.jar=61127:D:\Program Files\JetBrains\IntelliJ IDEA 2020.1\bin -Dfile.encoding=UTF-8 com.example.tagtool.TagtoolApplication

Host: Intel(R) Core(TM) i5-6200U CPU @ 2.30GHz, 4 cores, 11G,  Windows 10 , 64 bit Build 18362 (10.0.18362.959)
Time: Mon Aug 24 15:22:18 2020 ?D1¨²¡À¨º¡Á?¨º¡À?? elapsed time: 3 seconds (0d 0h 0m 3s)

---------------  T H R E A D  ---------------

Current thread (0x000001d73f291000):  VMThread "VM Thread" [stack: 0x000000692f700000,0x000000692f800000] [id=15252]

Stack: [0x000000692f700000,0x000000692f800000]
[error occurred during error reporting (printing stack bounds), id 0xc0000005, EXCEPTION_ACCESS_VIOLATION (0xc0000005) at pc=0x000001d726500bad]

Native frames: (J=compiled Java code, j=interpreted, Vv=VM code, C=native code)
V  [jvm.dll+0x63aa2a]
V  [jvm.dll+0x78ce1e]
V  [jvm.dll+0x78e4c1]
V  [jvm.dll+0x78ea75]
V  [jvm.dll+0x78ea2b]
V  [jvm.dll+0x63a134]
V  [jvm.dll+0x63a4f8]
C  [ntdll.dll+0xa11cf]
C  [ntdll.dll+0x6a209]
C  [ntdll.dll+0x9fe3e]
C  0x000001d726500bad

VM_Operation (0x00000069308fc360): CollectForMetadataAllocation, mode: safepoint, requested by thread 0x000001d740507800


---------------  P R O C E S S  ---------------

Threads class SMR info:
_java_thread_list=0x000001d740506f50, length=14, elements={
0x000001d71c8f8000, 0x000001d73f293000, 0x000001d73f298000, 0x000001d73fb19000,
0x000001d73fb1a000, 0x000001d73fb1b000, 0x000001d73fb1f000, 0x000001d73fc06800,
0x000001d73ff2d800, 0x000001d73ff2e800, 0x000001d74010a800, 0x000001d7404e9800,
0x000001d740507800, 0x000001d740517800
}

Java Threads: ( => current thread )
  0x000001d71c8f8000 JavaThread "main" [_thread_blocked, id=8632, stack(0x000000692f000000,0x000000692f100000)]
  0x000001d73f293000 JavaThread "Reference Handler" daemon [_thread_blocked, id=7748, stack(0x000000692f800000,0x000000692f900000)]
  0x000001d73f298000 JavaThread "Finalizer" daemon [_thread_blocked, id=14516, stack(0x000000692f900000,0x000000692fa00000)]
  0x000001d73fb19000 JavaThread "Signal Dispatcher" daemon [_thread_blocked, id=13732, stack(0x000000692fa00000,0x000000692fb00000)]
  0x000001d73fb1a000 JavaThread "Attach Listener" daemon [_thread_blocked, id=12120, stack(0x000000692fb00000,0x000000692fc00000)]
  0x000001d73fb1b000 JavaThread "C1 CompilerThread0" daemon [_thread_blocked, id=13036, stack(0x000000692fc00000,0x000000692fd00000)]
  0x000001d73fb1f000 JavaThread "Sweeper thread" daemon [_thread_blocked, id=5388, stack(0x000000692fd00000,0x000000692fe00000)]
  0x000001d73fc06800 JavaThread "Common-Cleaner" daemon [_thread_blocked, id=10096, stack(0x000000692fe00000,0x000000692ff00000)]
  0x000001d73ff2d800 JavaThread "Monitor Ctrl-Break" daemon [_thread_in_native, id=16260, stack(0x000000692ff00000,0x0000006930000000)]
  0x000001d73ff2e800 JavaThread "Service Thread" daemon [_thread_blocked, id=17020, stack(0x0000006930000000,0x0000006930100000)]
  0x000001d74010a800 JavaThread "RMI TCP Accept-0" daemon [_thread_in_native, id=14208, stack(0x0000006930100000,0x0000006930200000)]
  0x000001d7404e9800 JavaThread "Thread-0" [_thread_blocked, id=9708, stack(0x0000006930700000,0x0000006930800000)]
  0x000001d740507800 JavaThread "restartedMain" [_thread_blocked, id=7492, stack(0x0000006930800000,0x0000006930900000)]
  0x000001d740517800 JavaThread "background-preinit" [_thread_blocked, id=16840, stack(0x0000006930900000,0x0000006930a00000)]

Other Threads:
=>0x000001d73f291000 VMThread "VM Thread" [stack: 0x000000692f700000,0x000000692f800000] [id=15252]
  0x000001d74010b800 WatcherThread [stack: 0x0000006930200000,0x0000006930300000] [id=3940]
  0x000001d71c94a800 GCTaskThread "GC Thread#0" [stack: 0x000000692f200000,0x000000692f300000] [id=17808]
  0x000001d7401bf800 GCTaskThread "GC Thread#1" [stack: 0x0000006930300000,0x0000006930400000] [id=11888]
  0x000001d7401c0000 GCTaskThread "GC Thread#2" [stack: 0x0000006930400000,0x0000006930500000] [id=14400]
  0x000001d7401c1000 GCTaskThread "GC Thread#3" [stack: 0x0000006930500000,0x0000006930600000] [id=14520]
  0x000001d71c95e000 ConcurrentGCThread "G1 Main Marker" [stack: 0x000000692f300000,0x000000692f400000] [id=18344]
  0x000001d71c95f000 ConcurrentGCThread "G1 Conc#0" [stack: 0x000000692f400000,0x000000692f500000] [id=17604]
  0x000001d73f10e800 ConcurrentGCThread "G1 Refine#0" [stack: 0x000000692f500000,0x000000692f600000] [id=17836]
  0x000001d73fdb2800 ConcurrentGCThread "G1 Refine#1" [stack: 0x0000006930600000,0x0000006930700000] [id=9760]
  0x000001d73f10f000 ConcurrentGCThread "G1 Young RemSet Sampling" [stack: 0x000000692f600000,0x000000692f700000] [id=10440]

Threads with active compile tasks:

VM state:at safepoint (normal execution)

VM Mutex/Monitor currently owned by a thread:  ([mutex/lock_event])
[0x000001d71c8f5250] Threads_lock - owner thread: 0x000001d73f291000
[0x000001d71c8f3c60] Heap_lock - owner thread: 0x000001d740507800

Heap address: 0x0000000742200000, size: 3038 MB, Compressed Oops mode: Zero based, Oop shift amount: 3
Narrow klass base: 0x0000000800000000, Narrow klass shift: 3
Compressed class space size: 1073741824 Address: 0x0000000801190000

Heap:
 garbage-first heap   total 194560K, used 10009K [0x0000000742200000, 0x0000000800000000)
  region size 1024K, 3 young (3072K), 3 survivors (3072K)
 Metaspace       used 15649K, capacity 16153K, committed 16384K, reserved 1064960K
  class space    used 2110K, capacity 2291K, committed 2304K, reserved 1048576K
Heap Regions: E=young(eden), S=young(survivor), O=old, HS=humongous(starts), HC=humongous(continues), CS=collection set, F=free, A=archive, TAMS=top-at-mark-start (previous, next)
|   0|0x0000000742200000, 0x0000000742300000, 0x0000000742300000|100%|HS|  |TAMS 0x0000000742200000, 0x0000000742300000| Complete 
|   1|0x0000000742300000, 0x0000000742400000, 0x0000000742400000|100%| O|  |TAMS 0x0000000742300000, 0x0000000742400000| Untracked 
|   2|0x0000000742400000, 0x0000000742500000, 0x0000000742500000|100%| O|  |TAMS 0x0000000742400000, 0x0000000742500000| Untracked 
|   3|0x0000000742500000, 0x0000000742600000, 0x0000000742600000|100%| O|  |TAMS 0x0000000742500000, 0x0000000742600000| Untracked 
|   4|0x0000000742600000, 0x0000000742700000, 0x0000000742700000|100%| O|  |TAMS 0x0000000742600000, 0x0000000742700000| Untracked 
|   5|0x0000000742700000, 0x0000000742800000, 0x0000000742800000|100%| O|  |TAMS 0x0000000742700000, 0x0000000742800000| Untracked 
|   6|0x0000000742800000, 0x0000000742900000, 0x0000000742900000|100%| O|  |TAMS 0x0000000742800000, 0x0000000742900000| Untracked 
|   7|0x0000000742900000, 0x0000000742900000, 0x0000000742a00000|  0%| F|  |TAMS 0x0000000742900000, 0x0000000742900000| Untracked 
|   8|0x0000000742a00000, 0x0000000742a00000, 0x0000000742b00000|  0%| F|  |TAMS 0x0000000742a00000, 0x0000000742a00000| Untracked 
|   9|0x0000000742b00000, 0x0000000742b00000, 0x0000000742c00000|  0%| F|  |TAMS 0x0000000742b00000, 0x0000000742b00000| Untracked 
|  10|0x0000000742c00000, 0x0000000742c00000, 0x0000000742d00000|  0%| F|  |TAMS 0x0000000742c00000, 0x0000000742c00000| Untracked 
|  11|0x0000000742d00000, 0x0000000742d00000, 0x0000000742e00000|  0%| F|  |TAMS 0x0000000742d00000, 0x0000000742d00000| Untracked 
|  12|0x0000000742e00000, 0x0000000742e00000, 0x0000000742f00000|  0%| F|  |TAMS 0x0000000742e00000, 0x0000000742e00000| Untracked 
|  13|0x0000000742f00000, 0x0000000742f00000, 0x0000000743000000|  0%| F|  |TAMS 0x0000000742f00000, 0x0000000742f00000| Untracked 
|  14|0x0000000743000000, 0x0000000743000000, 0x0000000743100000|  0%| F|  |TAMS 0x0000000743000000, 0x0000000743000000| Untracked 
|  15|0x0000000743100000, 0x0000000743100000, 0x0000000743200000|  0%| F|  |TAMS 0x0000000743100000, 0x0000000743100000| Untracked 
|  16|0x0000000743200000, 0x0000000743200000, 0x0000000743300000|  0%| F|  |TAMS 0x0000000743200000, 0x0000000743200000| Untracked 
|  17|0x0000000743300000, 0x0000000743300000, 0x0000000743400000|  0%| F|  |TAMS 0x0000000743300000, 0x0000000743300000| Untracked 
|  18|0x0000000743400000, 0x0000000743400000, 0x0000000743500000|  0%| F|  |TAMS 0x0000000743400000, 0x0000000743400000| Untracked 
|  19|0x0000000743500000, 0x0000000743500000, 0x0000000743600000|  0%| F|  |TAMS 0x0000000743500000, 0x0000000743500000| Untracked 
|  20|0x0000000743600000, 0x0000000743600000, 0x0000000743700000|  0%| F|  |TAMS 0x0000000743600000, 0x0000000743600000| Untracked 
|  21|0x0000000743700000, 0x0000000743700000, 0x0000000743800000|  0%| F|  |TAMS 0x0000000743700000, 0x0000000743700000| Untracked 
|  22|0x0000000743800000, 0x0000000743800000, 0x0000000743900000|  0%| F|  |TAMS 0x0000000743800000, 0x0000000743800000| Untracked 
|  23|0x0000000743900000, 0x0000000743900000, 0x0000000743a00000|  0%| F|  |TAMS 0x0000000743900000, 0x0000000743900000| Untracked 
|  24|0x0000000743a00000, 0x0000000743a00000, 0x0000000743b00000|  0%| F|  |TAMS 0x0000000743a00000, 0x0000000743a00000| Untracked 
|  25|0x0000000743b00000, 0x0000000743b00000, 0x0000000743c00000|  0%| F|  |TAMS 0x0000000743b00000, 0x0000000743b00000| Untracked 
|  26|0x0000000743c00000, 0x0000000743c00000, 0x0000000743d00000|  0%| F|  |TAMS 0x0000000743c00000, 0x0000000743c00000| Untracked 
|  27|0x0000000743d00000, 0x0000000743d00000, 0x0000000743e00000|  0%| F|  |TAMS 0x0000000743d00000, 0x0000000743d00000| Untracked 
|  28|0x0000000743e00000, 0x0000000743e00000, 0x0000000743f00000|  0%| F|  |TAMS 0x0000000743e00000, 0x0000000743e00000| Untracked 
|  29|0x0000000743f00000, 0x0000000743f00000, 0x0000000744000000|  0%| F|  |TAMS 0x0000000743f00000, 0x0000000743f00000| Untracked 
|  30|0x0000000744000000, 0x0000000744000000, 0x0000000744100000|  0%| F|  |TAMS 0x0000000744000000, 0x0000000744000000| Untracked 
|  31|0x0000000744100000, 0x0000000744100000, 0x0000000744200000|  0%| F|  |TAMS 0x0000000744100000, 0x0000000744100000| Untracked 
|  32|0x0000000744200000, 0x0000000744200000, 0x0000000744300000|  0%| F|  |TAMS 0x0000000744200000, 0x0000000744200000| Untracked 
|  33|0x0000000744300000, 0x0000000744300000, 0x0000000744400000|  0%| F|  |TAMS 0x0000000744300000, 0x0000000744300000| Untracked 
|  34|0x0000000744400000, 0x0000000744400000, 0x0000000744500000|  0%| F|  |TAMS 0x0000000744400000, 0x0000000744400000| Untracked 
|  35|0x0000000744500000, 0x0000000744500000, 0x0000000744600000|  0%| F|  |TAMS 0x0000000744500000, 0x0000000744500000| Untracked 
|  36|0x0000000744600000, 0x0000000744600000, 0x0000000744700000|  0%| F|  |TAMS 0x0000000744600000, 0x0000000744600000| Untracked 
|  37|0x0000000744700000, 0x0000000744700000, 0x0000000744800000|  0%| F|  |TAMS 0x0000000744700000, 0x0000000744700000| Untracked 
|  38|0x0000000744800000, 0x0000000744800000, 0x0000000744900000|  0%| F|  |TAMS 0x0000000744800000, 0x0000000744800000| Untracked 
|  39|0x0000000744900000, 0x0000000744900000, 0x0000000744a00000|  0%| F|  |TAMS 0x0000000744900000, 0x0000000744900000| Untracked 
|  40|0x0000000744a00000, 0x0000000744a00000, 0x0000000744b00000|  0%| F|  |TAMS 0x0000000744a00000, 0x0000000744a00000| Untracked 
|  41|0x0000000744b00000, 0x0000000744b00000, 0x0000000744c00000|  0%| F|  |TAMS 0x0000000744b00000, 0x0000000744b00000| Untracked 
|  42|0x0000000744c00000, 0x0000000744c00000, 0x0000000744d00000|  0%| F|  |TAMS 0x0000000744c00000, 0x0000000744c00000| Untracked 
|  43|0x0000000744d00000, 0x0000000744d00000, 0x0000000744e00000|  0%| F|  |TAMS 0x0000000744d00000, 0x0000000744d00000| Untracked 
|  44|0x0000000744e00000, 0x0000000744e00000, 0x0000000744f00000|  0%| F|  |TAMS 0x0000000744e00000, 0x0000000744e00000| Untracked 
|  45|0x0000000744f00000, 0x0000000744f00000, 0x0000000745000000|  0%| F|  |TAMS 0x0000000744f00000, 0x0000000744f00000| Untracked 
|  46|0x0000000745000000, 0x0000000745000000, 0x0000000745100000|  0%| F|  |TAMS 0x0000000745000000, 0x0000000745000000| Untracked 
|  47|0x0000000745100000, 0x0000000745100000, 0x0000000745200000|  0%| F|  |TAMS 0x0000000745100000, 0x0000000745100000| Untracked 
|  48|0x0000000745200000, 0x0000000745200000, 0x0000000745300000|  0%| F|  |TAMS 0x0000000745200000, 0x0000000745200000| Untracked 
|  49|0x0000000745300000, 0x0000000745300000, 0x0000000745400000|  0%| F|  |TAMS 0x0000000745300000, 0x0000000745300000| Untracked 
|  50|0x0000000745400000, 0x0000000745400000, 0x0000000745500000|  0%| F|  |TAMS 0x0000000745400000, 0x0000000745400000| Untracked 
|  51|0x0000000745500000, 0x0000000745500000, 0x0000000745600000|  0%| F|  |TAMS 0x0000000745500000, 0x0000000745500000| Untracked 
|  52|0x0000000745600000, 0x0000000745600000, 0x0000000745700000|  0%| F|  |TAMS 0x0000000745600000, 0x0000000745600000| Untracked 
|  53|0x0000000745700000, 0x0000000745700000, 0x0000000745800000|  0%| F|  |TAMS 0x0000000745700000, 0x0000000745700000| Untracked 
|  54|0x0000000745800000, 0x0000000745800000, 0x0000000745900000|  0%| F|  |TAMS 0x0000000745800000, 0x0000000745800000| Untracked 
|  55|0x0000000745900000, 0x0000000745900000, 0x0000000745a00000|  0%| F|  |TAMS 0x0000000745900000, 0x0000000745900000| Untracked 
|  56|0x0000000745a00000, 0x0000000745a00000, 0x0000000745b00000|  0%| F|  |TAMS 0x0000000745a00000, 0x0000000745a00000| Untracked 
|  57|0x0000000745b00000, 0x0000000745b00000, 0x0000000745c00000|  0%| F|  |TAMS 0x0000000745b00000, 0x0000000745b00000| Untracked 
|  58|0x0000000745c00000, 0x0000000745c00000, 0x0000000745d00000|  0%| F|  |TAMS 0x0000000745c00000, 0x0000000745c00000| Untracked 
|  59|0x0000000745d00000, 0x0000000745d00000, 0x0000000745e00000|  0%| F|  |TAMS 0x0000000745d00000, 0x0000000745d00000| Untracked 
|  60|0x0000000745e00000, 0x0000000745e00000, 0x0000000745f00000|  0%| F|  |TAMS 0x0000000745e00000, 0x0000000745e00000| Untracked 
|  61|0x0000000745f00000, 0x0000000745f00000, 0x0000000746000000|  0%| F|  |TAMS 0x0000000745f00000, 0x0000000745f00000| Untracked 
|  62|0x0000000746000000, 0x0000000746000000, 0x0000000746100000|  0%| F|  |TAMS 0x0000000746000000, 0x0000000746000000| Untracked 
|  63|0x0000000746100000, 0x0000000746100000, 0x0000000746200000|  0%| F|  |TAMS 0x0000000746100000, 0x0000000746100000| Untracked 
|  64|0x0000000746200000, 0x0000000746200000, 0x0000000746300000|  0%| F|  |TAMS 0x0000000746200000, 0x0000000746200000| Untracked 
|  65|0x0000000746300000, 0x0000000746300000, 0x0000000746400000|  0%| F|  |TAMS 0x0000000746300000, 0x0000000746300000| Untracked 
|  66|0x0000000746400000, 0x0000000746400000, 0x0000000746500000|  0%| F|  |TAMS 0x0000000746400000, 0x0000000746400000| Untracked 
|  67|0x0000000746500000, 0x0000000746500000, 0x0000000746600000|  0%| F|  |TAMS 0x0000000746500000, 0x0000000746500000| Untracked 
|  68|0x0000000746600000, 0x0000000746600000, 0x0000000746700000|  0%| F|  |TAMS 0x0000000746600000, 0x0000000746600000| Untracked 
|  69|0x0000000746700000, 0x0000000746700000, 0x0000000746800000|  0%| F|  |TAMS 0x0000000746700000, 0x0000000746700000| Untracked 
|  70|0x0000000746800000, 0x0000000746800000, 0x0000000746900000|  0%| F|  |TAMS 0x0000000746800000, 0x0000000746800000| Untracked 
|  71|0x0000000746900000, 0x0000000746900000, 0x0000000746a00000|  0%| F|  |TAMS 0x0000000746900000, 0x0000000746900000| Untracked 
|  72|0x0000000746a00000, 0x0000000746a00000, 0x0000000746b00000|  0%| F|  |TAMS 0x0000000746a00000, 0x0000000746a00000| Untracked 
|  73|0x0000000746b00000, 0x0000000746b00000, 0x0000000746c00000|  0%| F|  |TAMS 0x0000000746b00000, 0x0000000746b00000| Untracked 
|  74|0x0000000746c00000, 0x0000000746c00000, 0x0000000746d00000|  0%| F|  |TAMS 0x0000000746c00000, 0x0000000746c00000| Untracked 
|  75|0x0000000746d00000, 0x0000000746d00000, 0x0000000746e00000|  0%| F|  |TAMS 0x0000000746d00000, 0x0000000746d00000| Untracked 
|  76|0x0000000746e00000, 0x0000000746e00000, 0x0000000746f00000|  0%| F|  |TAMS 0x0000000746e00000, 0x0000000746e00000| Untracked 
|  77|0x0000000746f00000, 0x0000000746f00000, 0x0000000747000000|  0%| F|  |TAMS 0x0000000746f00000, 0x0000000746f00000| Untracked 
|  78|0x0000000747000000, 0x0000000747000000, 0x0000000747100000|  0%| F|  |TAMS 0x0000000747000000, 0x0000000747000000| Untracked 
|  79|0x0000000747100000, 0x0000000747100000, 0x0000000747200000|  0%| F|  |TAMS 0x0000000747100000, 0x0000000747100000| Untracked 
|  80|0x0000000747200000, 0x0000000747200000, 0x0000000747300000|  0%| F|  |TAMS 0x0000000747200000, 0x0000000747200000| Untracked 
|  81|0x0000000747300000, 0x0000000747300000, 0x0000000747400000|  0%| F|  |TAMS 0x0000000747300000, 0x0000000747300000| Untracked 
|  82|0x0000000747400000, 0x0000000747400000, 0x0000000747500000|  0%| F|  |TAMS 0x0000000747400000, 0x0000000747400000| Untracked 
|  83|0x0000000747500000, 0x0000000747500000, 0x0000000747600000|  0%| F|  |TAMS 0x0000000747500000, 0x0000000747500000| Untracked 
|  84|0x0000000747600000, 0x0000000747600000, 0x0000000747700000|  0%| F|  |TAMS 0x0000000747600000, 0x0000000747600000| Untracked 
|  85|0x0000000747700000, 0x0000000747700000, 0x0000000747800000|  0%| F|  |TAMS 0x0000000747700000, 0x0000000747700000| Untracked 
|  86|0x0000000747800000, 0x0000000747800000, 0x0000000747900000|  0%| F|  |TAMS 0x0000000747800000, 0x0000000747800000| Untracked 
|  87|0x0000000747900000, 0x0000000747900000, 0x0000000747a00000|  0%| F|  |TAMS 0x0000000747900000, 0x0000000747900000| Untracked 
|  88|0x0000000747a00000, 0x0000000747a00000, 0x0000000747b00000|  0%| F|  |TAMS 0x0000000747a00000, 0x0000000747a00000| Untracked 
|  89|0x0000000747b00000, 0x0000000747b00000, 0x0000000747c00000|  0%| F|  |TAMS 0x0000000747b00000, 0x0000000747b00000| Untracked 
|  90|0x0000000747c00000, 0x0000000747c00000, 0x0000000747d00000|  0%| F|  |TAMS 0x0000000747c00000, 0x0000000747c00000| Untracked 
|  91|0x0000000747d00000, 0x0000000747d00000, 0x0000000747e00000|  0%| F|  |TAMS 0x0000000747d00000, 0x0000000747d00000| Untracked 
|  92|0x0000000747e00000, 0x0000000747e00000, 0x0000000747f00000|  0%| F|  |TAMS 0x0000000747e00000, 0x0000000747e00000| Untracked 
|  93|0x0000000747f00000, 0x0000000747f00000, 0x0000000748000000|  0%| F|  |TAMS 0x0000000747f00000, 0x0000000747f00000| Untracked 
|  94|0x0000000748000000, 0x0000000748000000, 0x0000000748100000|  0%| F|  |TAMS 0x0000000748000000, 0x0000000748000000| Untracked 
|  95|0x0000000748100000, 0x0000000748100000, 0x0000000748200000|  0%| F|  |TAMS 0x0000000748100000, 0x0000000748100000| Untracked 
|  96|0x0000000748200000, 0x0000000748200000, 0x0000000748300000|  0%| F|  |TAMS 0x0000000748200000, 0x0000000748200000| Untracked 
|  97|0x0000000748300000, 0x0000000748300000, 0x0000000748400000|  0%| F|  |TAMS 0x0000000748300000, 0x0000000748300000| Untracked 
|  98|0x0000000748400000, 0x0000000748400000, 0x0000000748500000|  0%| F|  |TAMS 0x0000000748400000, 0x0000000748400000| Untracked 
|  99|0x0000000748500000, 0x0000000748500000, 0x0000000748600000|  0%| F|  |TAMS 0x0000000748500000, 0x0000000748500000| Untracked 
| 100|0x0000000748600000, 0x0000000748600000, 0x0000000748700000|  0%| F|  |TAMS 0x0000000748600000, 0x0000000748600000| Untracked 
| 101|0x0000000748700000, 0x0000000748700000, 0x0000000748800000|  0%| F|  |TAMS 0x0000000748700000, 0x0000000748700000| Untracked 
| 102|0x0000000748800000, 0x0000000748800000, 0x0000000748900000|  0%| F|  |TAMS 0x0000000748800000, 0x0000000748800000| Untracked 
| 103|0x0000000748900000, 0x0000000748900000, 0x0000000748a00000|  0%| F|  |TAMS 0x0000000748900000, 0x0000000748900000| Untracked 
| 104|0x0000000748a00000, 0x0000000748a00000, 0x0000000748b00000|  0%| F|  |TAMS 0x0000000748a00000, 0x0000000748a00000| Untracked 
| 105|0x0000000748b00000, 0x0000000748b00000, 0x0000000748c00000|  0%| F|  |TAMS 0x0000000748b00000, 0x0000000748b00000| Untracked 
| 106|0x0000000748c00000, 0x0000000748c00000, 0x0000000748d00000|  0%| F|  |TAMS 0x0000000748c00000, 0x0000000748c00000| Untracked 
| 107|0x0000000748d00000, 0x0000000748d00000, 0x0000000748e00000|  0%| F|  |TAMS 0x0000000748d00000, 0x0000000748d00000| Untracked 
| 108|0x0000000748e00000, 0x0000000748e00000, 0x0000000748f00000|  0%| F|  |TAMS 0x0000000748e00000, 0x0000000748e00000| Untracked 
| 109|0x0000000748f00000, 0x0000000748f00000, 0x0000000749000000|  0%| F|  |TAMS 0x0000000748f00000, 0x0000000748f00000| Untracked 
| 110|0x0000000749000000, 0x0000000749000000, 0x0000000749100000|  0%| F|  |TAMS 0x0000000749000000, 0x0000000749000000| Untracked 
| 111|0x0000000749100000, 0x0000000749100000, 0x0000000749200000|  0%| F|  |TAMS 0x0000000749100000, 0x0000000749100000| Untracked 
| 112|0x0000000749200000, 0x0000000749200000, 0x0000000749300000|  0%| F|  |TAMS 0x0000000749200000, 0x0000000749200000| Untracked 
| 113|0x0000000749300000, 0x0000000749300000, 0x0000000749400000|  0%| F|  |TAMS 0x0000000749300000, 0x0000000749300000| Untracked 
| 114|0x0000000749400000, 0x0000000749400000, 0x0000000749500000|  0%| F|  |TAMS 0x0000000749400000, 0x0000000749400000| Untracked 
| 115|0x0000000749500000, 0x0000000749500000, 0x0000000749600000|  0%| F|  |TAMS 0x0000000749500000, 0x0000000749500000| Untracked 
| 116|0x0000000749600000, 0x0000000749600000, 0x0000000749700000|  0%| F|  |TAMS 0x0000000749600000, 0x0000000749600000| Untracked 
| 117|0x0000000749700000, 0x0000000749700000, 0x0000000749800000|  0%| F|  |TAMS 0x0000000749700000, 0x0000000749700000| Untracked 
| 118|0x0000000749800000, 0x0000000749800000, 0x0000000749900000|  0%| F|  |TAMS 0x0000000749800000, 0x0000000749800000| Untracked 
| 119|0x0000000749900000, 0x0000000749900000, 0x0000000749a00000|  0%| F|  |TAMS 0x0000000749900000, 0x0000000749900000| Untracked 
| 120|0x0000000749a00000, 0x0000000749a00000, 0x0000000749b00000|  0%| F|  |TAMS 0x0000000749a00000, 0x0000000749a00000| Untracked 
| 121|0x0000000749b00000, 0x0000000749b00000, 0x0000000749c00000|  0%| F|  |TAMS 0x0000000749b00000, 0x0000000749b00000| Untracked 
| 122|0x0000000749c00000, 0x0000000749c00000, 0x0000000749d00000|  0%| F|  |TAMS 0x0000000749c00000, 0x0000000749c00000| Untracked 
| 123|0x0000000749d00000, 0x0000000749d00000, 0x0000000749e00000|  0%| F|  |TAMS 0x0000000749d00000, 0x0000000749d00000| Untracked 
| 124|0x0000000749e00000, 0x0000000749e00000, 0x0000000749f00000|  0%| F|  |TAMS 0x0000000749e00000, 0x0000000749e00000| Untracked 
| 125|0x0000000749f00000, 0x0000000749f00000, 0x000000074a000000|  0%| F|  |TAMS 0x0000000749f00000, 0x0000000749f00000| Untracked 
| 126|0x000000074a000000, 0x000000074a000000, 0x000000074a100000|  0%| F|  |TAMS 0x000000074a000000, 0x000000074a000000| Untracked 
| 127|0x000000074a100000, 0x000000074a100000, 0x000000074a200000|  0%| F|  |TAMS 0x000000074a100000, 0x000000074a100000| Untracked 
| 128|0x000000074a200000, 0x000000074a200000, 0x000000074a300000|  0%| F|  |TAMS 0x000000074a200000, 0x000000074a200000| Untracked 
| 129|0x000000074a300000, 0x000000074a300000, 0x000000074a400000|  0%| F|  |TAMS 0x000000074a300000, 0x000000074a300000| Untracked 
| 130|0x000000074a400000, 0x000000074a400000, 0x000000074a500000|  0%| F|  |TAMS 0x000000074a400000, 0x000000074a400000| Untracked 
| 131|0x000000074a500000, 0x000000074a500000, 0x000000074a600000|  0%| F|  |TAMS 0x000000074a500000, 0x000000074a500000| Untracked 
| 132|0x000000074a600000, 0x000000074a600000, 0x000000074a700000|  0%| F|  |TAMS 0x000000074a600000, 0x000000074a600000| Untracked 
| 133|0x000000074a700000, 0x000000074a700000, 0x000000074a800000|  0%| F|  |TAMS 0x000000074a700000, 0x000000074a700000| Untracked 
| 134|0x000000074a800000, 0x000000074a800000, 0x000000074a900000|  0%| F|  |TAMS 0x000000074a800000, 0x000000074a800000| Untracked 
| 135|0x000000074a900000, 0x000000074a900000, 0x000000074aa00000|  0%| F|  |TAMS 0x000000074a900000, 0x000000074a900000| Untracked 
| 136|0x000000074aa00000, 0x000000074aa00000, 0x000000074ab00000|  0%| F|  |TAMS 0x000000074aa00000, 0x000000074aa00000| Untracked 
| 137|0x000000074ab00000, 0x000000074ab00000, 0x000000074ac00000|  0%| F|  |TAMS 0x000000074ab00000, 0x000000074ab00000| Untracked 
| 138|0x000000074ac00000, 0x000000074ac00000, 0x000000074ad00000|  0%| F|  |TAMS 0x000000074ac00000, 0x000000074ac00000| Untracked 
| 139|0x000000074ad00000, 0x000000074ad00000, 0x000000074ae00000|  0%| F|  |TAMS 0x000000074ad00000, 0x000000074ad00000| Untracked 
| 140|0x000000074ae00000, 0x000000074ae00000, 0x000000074af00000|  0%| F|  |TAMS 0x000000074ae00000, 0x000000074ae00000| Untracked 
| 141|0x000000074af00000, 0x000000074af00000, 0x000000074b000000|  0%| F|  |TAMS 0x000000074af00000, 0x000000074af00000| Untracked 
| 142|0x000000074b000000, 0x000000074b000000, 0x000000074b100000|  0%| F|  |TAMS 0x000000074b000000, 0x000000074b000000| Untracked 
| 143|0x000000074b100000, 0x000000074b100000, 0x000000074b200000|  0%| F|  |TAMS 0x000000074b100000, 0x000000074b100000| Untracked 
| 144|0x000000074b200000, 0x000000074b200000, 0x000000074b300000|  0%| F|  |TAMS 0x000000074b200000, 0x000000074b200000| Untracked 
| 145|0x000000074b300000, 0x000000074b300000, 0x000000074b400000|  0%| F|  |TAMS 0x000000074b300000, 0x000000074b300000| Untracked 
| 146|0x000000074b400000, 0x000000074b400000, 0x000000074b500000|  0%| F|  |TAMS 0x000000074b400000, 0x000000074b400000| Untracked 
| 147|0x000000074b500000, 0x000000074b500000, 0x000000074b600000|  0%| F|  |TAMS 0x000000074b500000, 0x000000074b500000| Untracked 
| 148|0x000000074b600000, 0x000000074b600000, 0x000000074b700000|  0%| F|  |TAMS 0x000000074b600000, 0x000000074b600000| Untracked 
| 149|0x000000074b700000, 0x000000074b700000, 0x000000074b800000|  0%| F|  |TAMS 0x000000074b700000, 0x000000074b700000| Untracked 
| 150|0x000000074b800000, 0x000000074b800000, 0x000000074b900000|  0%| F|  |TAMS 0x000000074b800000, 0x000000074b800000| Untracked 
| 151|0x000000074b900000, 0x000000074b900000, 0x000000074ba00000|  0%| F|  |TAMS 0x000000074b900000, 0x000000074b900000| Untracked 
| 152|0x000000074ba00000, 0x000000074ba00000, 0x000000074bb00000|  0%| F|  |TAMS 0x000000074ba00000, 0x000000074ba00000| Untracked 
| 153|0x000000074bb00000, 0x000000074bb00000, 0x000000074bc00000|  0%| F|  |TAMS 0x000000074bb00000, 0x000000074bb00000| Untracked 
| 154|0x000000074bc00000, 0x000000074bc00000, 0x000000074bd00000|  0%| F|  |TAMS 0x000000074bc00000, 0x000000074bc00000| Untracked 
| 155|0x000000074bd00000, 0x000000074bd00000, 0x000000074be00000|  0%| F|  |TAMS 0x000000074bd00000, 0x000000074bd00000| Untracked 
| 156|0x000000074be00000, 0x000000074be00000, 0x000000074bf00000|  0%| F|  |TAMS 0x000000074be00000, 0x000000074be00000| Untracked 
| 157|0x000000074bf00000, 0x000000074bf00000, 0x000000074c000000|  0%| F|  |TAMS 0x000000074bf00000, 0x000000074bf00000| Untracked 
| 158|0x000000074c000000, 0x000000074c0c6480, 0x000000074c100000| 77%| S|CS|TAMS 0x000000074c000000, 0x000000074c000000| Complete 
| 159|0x000000074c100000, 0x000000074c200000, 0x000000074c200000|100%| S|CS|TAMS 0x000000074c100000, 0x000000074c100000| Complete 
| 160|0x000000074c200000, 0x000000074c300000, 0x000000074c300000|100%| S|CS|TAMS 0x000000074c200000, 0x000000074c200000| Complete 
| 161|0x000000074c300000, 0x000000074c300000, 0x000000074c400000|  0%| F|  |TAMS 0x000000074c300000, 0x000000074c300000| Untracked 
| 162|0x000000074c400000, 0x000000074c400000, 0x000000074c500000|  0%| F|  |TAMS 0x000000074c400000, 0x000000074c400000| Untracked 
| 163|0x000000074c500000, 0x000000074c500000, 0x000000074c600000|  0%| F|  |TAMS 0x000000074c500000, 0x000000074c500000| Untracked 
| 164|0x000000074c600000, 0x000000074c600000, 0x000000074c700000|  0%| F|  |TAMS 0x000000074c600000, 0x000000074c600000| Untracked 
| 165|0x000000074c700000, 0x000000074c700000, 0x000000074c800000|  0%| F|  |TAMS 0x000000074c700000, 0x000000074c700000| Untracked 
| 166|0x000000074c800000, 0x000000074c800000, 0x000000074c900000|  0%| F|  |TAMS 0x000000074c800000, 0x000000074c800000| Untracked 
| 167|0x000000074c900000, 0x000000074c900000, 0x000000074ca00000|  0%| F|  |TAMS 0x000000074c900000, 0x000000074c900000| Untracked 
| 168|0x000000074ca00000, 0x000000074ca00000, 0x000000074cb00000|  0%| F|  |TAMS 0x000000074ca00000, 0x000000074ca00000| Untracked 
| 169|0x000000074cb00000, 0x000000074cb00000, 0x000000074cc00000|  0%| F|  |TAMS 0x000000074cb00000, 0x000000074cb00000| Untracked 
| 170|0x000000074cc00000, 0x000000074cc00000, 0x000000074cd00000|  0%| F|  |TAMS 0x000000074cc00000, 0x000000074cc00000| Untracked 
| 171|0x000000074cd00000, 0x000000074cd00000, 0x000000074ce00000|  0%| F|  |TAMS 0x000000074cd00000, 0x000000074cd00000| Untracked 
| 172|0x000000074ce00000, 0x000000074ce00000, 0x000000074cf00000|  0%| F|  |TAMS 0x000000074ce00000, 0x000000074ce00000| Untracked 
| 173|0x000000074cf00000, 0x000000074cf00000, 0x000000074d000000|  0%| F|  |TAMS 0x000000074cf00000, 0x000000074cf00000| Untracked 
| 174|0x000000074d000000, 0x000000074d000000, 0x000000074d100000|  0%| F|  |TAMS 0x000000074d000000, 0x000000074d000000| Untracked 
| 175|0x000000074d100000, 0x000000074d100000, 0x000000074d200000|  0%| F|  |TAMS 0x000000074d100000, 0x000000074d100000| Untracked 
| 176|0x000000074d200000, 0x000000074d200000, 0x000000074d300000|  0%| F|  |TAMS 0x000000074d200000, 0x000000074d200000| Untracked 
| 177|0x000000074d300000, 0x000000074d300000, 0x000000074d400000|  0%| F|  |TAMS 0x000000074d300000, 0x000000074d300000| Untracked 
| 178|0x000000074d400000, 0x000000074d400000, 0x000000074d500000|  0%| F|  |TAMS 0x000000074d400000, 0x000000074d400000| Untracked 
| 179|0x000000074d500000, 0x000000074d500000, 0x000000074d600000|  0%| F|  |TAMS 0x000000074d500000, 0x000000074d500000| Untracked 
| 180|0x000000074d600000, 0x000000074d600000, 0x000000074d700000|  0%| F|  |TAMS 0x000000074d600000, 0x000000074d600000| Untracked 
| 181|0x000000074d700000, 0x000000074d700000, 0x000000074d800000|  0%| F|  |TAMS 0x000000074d700000, 0x000000074d700000| Untracked 
| 182|0x000000074d800000, 0x000000074d800000, 0x000000074d900000|  0%| F|  |TAMS 0x000000074d800000, 0x000000074d800000| Untracked 
| 183|0x000000074d900000, 0x000000074d900000, 0x000000074da00000|  0%| F|  |TAMS 0x000000074d900000, 0x000000074d900000| Untracked 
| 184|0x000000074da00000, 0x000000074da00000, 0x000000074db00000|  0%| F|  |TAMS 0x000000074da00000, 0x000000074da00000| Untracked 
| 185|0x000000074db00000, 0x000000074db00000, 0x000000074dc00000|  0%| F|  |TAMS 0x000000074db00000, 0x000000074db00000| Untracked 
| 186|0x000000074dc00000, 0x000000074dc00000, 0x000000074dd00000|  0%| F|  |TAMS 0x000000074dc00000, 0x000000074dc00000| Untracked 
| 187|0x000000074dd00000, 0x000000074dd00000, 0x000000074de00000|  0%| F|  |TAMS 0x000000074dd00000, 0x000000074dd00000| Untracked 
| 188|0x000000074de00000, 0x000000074de00000, 0x000000074df00000|  0%| F|  |TAMS 0x000000074de00000, 0x000000074de00000| Untracked 
| 189|0x000000074df00000, 0x000000074df00000, 0x000000074e000000|  0%| F|  |TAMS 0x000000074df00000, 0x000000074df00000| Untracked 

Card table byte_map: [0x000001d736110000,0x000001d736700000] _byte_map_base: 0x000001d7326ff000

Marking Bits (Prev, Next): (CMBitMap*) 0x000001d71c94b2b8, (CMBitMap*) 0x000001d71c94b2f8
 Prev Bits: [0x000001d736cf0000, 0x000001d739c68000)
 Next Bits: [0x000001d739c70000, 0x000001d73cbe8000)

Polling page: 0x000001d71c6d0000

Metaspace:

Usage:
  Non-class:     13.54 MB capacity,    13.22 MB ( 98%) used,   271.75 KB (  2%) free+waste,    51.50 KB ( <1%) overhead. 
      Class:      2.24 MB capacity,     2.06 MB ( 92%) used,   153.16 KB (  7%) free+waste,    27.44 KB (  1%) overhead. 
       Both:     15.77 MB capacity,    15.28 MB ( 97%) used,   424.91 KB (  3%) free+waste,    78.94 KB ( <1%) overhead. 

Virtual space:
  Non-class space:       16.00 MB reserved,      13.75 MB ( 86%) committed 
      Class space:        1.00 GB reserved,       2.25 MB ( <1%) committed 
             Both:        1.02 GB reserved,      16.00 MB (  2%) committed 

Chunk freelists:
   Non-Class:  3.25 KB
       Class:  1.63 KB
        Both:  4.88 KB

CodeHeap 'non-profiled nmethods': size=238912Kb used=2944Kb max_used=2944Kb free=235967Kb
 bounds [0x000001d726bb0000, 0x000001d726ea0000, 0x000001d735500000]
CodeHeap 'non-nmethods': size=6848Kb used=1167Kb max_used=1167Kb free=5680Kb
 bounds [0x000001d726500000, 0x000001d726770000, 0x000001d726bb0000]
 total_blobs=2413 nmethods=1901 adapters=411
 compilation: disabled (not enough contiguous free space left)
              stopped_count=1, restarted_count=0
 full_count=1

Compilation events (10 events):
Event: 2.997 Thread 0x000001d73fb1b000 1907       1       sun.reflect.annotation.AnnotationType::memberTypes (5 bytes)
Event: 2.997 Thread 0x000001d73fb1b000 nmethod 1907 0x000001d726e8ee10 code [0x000001d726e8efc0, 0x000001d726e8f0f8]
Event: 2.998 Thread 0x000001d73fb1b000 1908       1       sun.reflect.annotation.AnnotationType::memberDefaults (5 bytes)
Event: 2.998 Thread 0x000001d73fb1b000 nmethod 1908 0x000001d726e8f190 code [0x000001d726e8f340, 0x000001d726e8f478]
Event: 2.998 Thread 0x000001d73fb1b000 1909       1       java.util.concurrent.locks.ReentrantLock$Sync::tryRelease (45 bytes)
Event: 2.998 Thread 0x000001d73fb1b000 nmethod 1909 0x000001d726e8f510 code [0x000001d726e8f6e0, 0x000001d726e8f950]
Event: 3.000 Thread 0x000001d73fb1b000 1910       1       java.util.Collections$EmptySet::toArray (11 bytes)
Event: 3.000 Thread 0x000001d73fb1b000 nmethod 1910 0x000001d726e8fa10 code [0x000001d726e8fbc0, 0x000001d726e8fd58]
Event: 3.001 Thread 0x000001d73fb1b000 1911       1       java.lang.reflect.Executable::getDeclaredAnnotations (8 bytes)
Event: 3.002 Thread 0x000001d73fb1b000 


GC Heap History (10 events):
Event: 2.030 GC heap before
{Heap before GC invocations=0 (full 0):
 garbage-first heap   total 194560K, used 14336K [0x0000000742200000, 0x0000000800000000)
  region size 1024K, 14 young (14336K), 0 survivors (0K)
 Metaspace       used 5306K, capacity 5710K, committed 5888K, reserved 1056768K
  class space    used 650K, capacity 741K, committed 768K, reserved 1048576K
}
Event: 2.038 GC heap after
{Heap after GC invocations=1 (full 0):
 garbage-first heap   total 194560K, used 7014K [0x0000000742200000, 0x0000000800000000)
  region size 1024K, 2 young (2048K), 2 survivors (2048K)
 Metaspace       used 5306K, capacity 5710K, committed 5888K, reserved 1056768K
  class space    used 650K, capacity 741K, committed 768K, reserved 1048576K
}
Event: 2.194 GC heap before
{Heap before GC invocations=1 (full 0):
 garbage-first heap   total 194560K, used 14182K [0x0000000742200000, 0x0000000800000000)
  region size 1024K, 9 young (9216K), 2 survivors (2048K)
 Metaspace       used 6348K, capacity 6732K, committed 6784K, reserved 1056768K
  class space    used 771K, capacity 886K, committed 896K, reserved 1048576K
}
Event: 2.197 GC heap after
{Heap after GC invocations=2 (full 0):
 garbage-first heap   total 194560K, used 7592K [0x0000000742200000, 0x0000000800000000)
  region size 1024K, 1 young (1024K), 1 survivors (1024K)
 Metaspace       used 6348K, capacity 6732K, committed 6784K, reserved 1056768K
  class space    used 771K, capacity 886K, committed 896K, reserved 1048576K
}
Event: 2.231 GC heap before
{Heap before GC invocations=2 (full 0):
 garbage-first heap   total 194560K, used 29096K [0x0000000742200000, 0x0000000800000000)
  region size 1024K, 23 young (23552K), 1 survivors (1024K)
 Metaspace       used 6348K, capacity 6732K, committed 6784K, reserved 1056768K
  class space    used 771K, capacity 886K, committed 896K, reserved 1048576K
}
Event: 2.232 GC heap after
{Heap after GC invocations=3 (full 0):
 garbage-first heap   total 194560K, used 7667K [0x0000000742200000, 0x0000000800000000)
  region size 1024K, 1 young (1024K), 1 survivors (1024K)
 Metaspace       used 6348K, capacity 6732K, committed 6784K, reserved 1056768K
  class space    used 771K, capacity 886K, committed 896K, reserved 1048576K
}
Event: 2.604 GC heap before
{Heap before GC invocations=3 (full 0):
 garbage-first heap   total 194560K, used 48627K [0x0000000742200000, 0x0000000800000000)
  region size 1024K, 42 young (43008K), 1 survivors (1024K)
 Metaspace       used 10301K, capacity 10762K, committed 10880K, reserved 1058816K
  class space    used 1427K, capacity 1572K, committed 1664K, reserved 1048576K
}
Event: 2.609 GC heap after
{Heap after GC invocations=4 (full 0):
 garbage-first heap   total 194560K, used 8856K [0x0000000742200000, 0x0000000800000000)
  region size 1024K, 2 young (2048K), 2 survivors (2048K)
 Metaspace       used 10301K, capacity 10762K, committed 10880K, reserved 1058816K
  class space    used 1427K, capacity 1572K, committed 1664K, reserved 1048576K
}
Event: 3.009 GC heap before
{Heap before GC invocations=4 (full 0):
 garbage-first heap   total 194560K, used 37528K [0x0000000742200000, 0x0000000800000000)
  region size 1024K, 31 young (31744K), 2 survivors (2048K)
 Metaspace       used 15649K, capacity 16153K, committed 16384K, reserved 1064960K
  class space    used 2110K, capacity 2291K, committed 2304K, reserved 1048576K
}
Event: 3.014 GC heap after
{Heap after GC invocations=5 (full 0):
 garbage-first heap   total 194560K, used 10009K [0x0000000742200000, 0x0000000800000000)
  region size 1024K, 3 young (3072K), 3 survivors (3072K)
 Metaspace       used 15649K, capacity 16153K, committed 16384K, reserved 1064960K
  class space    used 2110K, capacity 2291K, committed 2304K, reserved 1048576K
}

Deoptimization events (0 events):
No events

Classes redefined (0 events):
No events

Internal exceptions (10 events):
Event: 2.978 Thread 0x000001d740507800 Exception <a 'java/lang/ClassNotFoundException'{0x000000074c6df5e8}: org/springframework/context/ResourceLoaderAwareCustomizer> (0x000000074c6df5e8) thrown at [t:/workspace/open/src/hotspot/share/classfile/systemDictionary.cpp, line 235]
Event: 2.979 Thread 0x000001d740507800 Exception <a 'java/lang/ClassNotFoundException'{0x000000074c6ecc60}: org/springframework/beans/factory/AwareCustomizer> (0x000000074c6ecc60) thrown at [t:/workspace/open/src/hotspot/share/classfile/systemDictionary.cpp, line 235]
Event: 2.980 Thread 0x000001d740507800 Exception <a 'java/lang/ClassNotFoundException'{0x000000074c6fab60}: org/springframework/beans/factory/BeanClassLoaderAwareCustomizer> (0x000000074c6fab60) thrown at [t:/workspace/open/src/hotspot/share/classfile/systemDictionary.cpp, line 235]
Event: 2.980 Thread 0x000001d740507800 Exception <a 'java/lang/ClassNotFoundException'{0x000000074c588c58}: org/springframework/beans/factory/AwareCustomizer> (0x000000074c588c58) thrown at [t:/workspace/open/src/hotspot/share/classfile/systemDictionary.cpp, line 235]
Event: 2.981 Thread 0x000001d740507800 Exception <a 'java/lang/ClassNotFoundException'{0x000000074c595c70}: org/springframework/context/EnvironmentAwareCustomizer> (0x000000074c595c70) thrown at [t:/workspace/open/src/hotspot/share/classfile/systemDictionary.cpp, line 235]
Event: 2.982 Thread 0x000001d740507800 Exception <a 'java/lang/ClassNotFoundException'{0x000000074c5a3250}: org/springframework/beans/factory/AwareCustomizer> (0x000000074c5a3250) thrown at [t:/workspace/open/src/hotspot/share/classfile/systemDictionary.cpp, line 235]
Event: 3.004 Thread 0x000001d740517800 Exception <a 'java/lang/NoSuchMethodError'{0x000000074c460eb8}: java.lang.invoke.DirectMethodHandle$Holder.invokeStatic(Ljava/lang/Object;Ljava/lang/Object;)J> (0x000000074c460eb8) thrown at [t:/workspace/open/src/hotspot/share/interpreter/linkResolver.cp
Event: 3.004 Thread 0x000001d740517800 Exception <a 'java/lang/NoSuchMethodError'{0x000000074c463cd8}: java.lang.invoke.DirectMethodHandle$Holder.invokeStaticInit(Ljava/lang/Object;Ljava/lang/Object;)J> (0x000000074c463cd8) thrown at [t:/workspace/open/src/hotspot/share/interpreter/linkResolve
Event: 3.007 Thread 0x000001d740517800 Exception <a 'java/lang/NoSuchMethodError'{0x000000074c30efc0}: java.lang.invoke.DirectMethodHandle$Holder.invokeInterface(Ljava/lang/Object;Ljava/lang/Object;)J> (0x000000074c30efc0) thrown at [t:/workspace/open/src/hotspot/share/interpreter/linkResolver
Event: 3.007 Thread 0x000001d740517800 Exception <a 'java/lang/IncompatibleClassChangeError'{0x000000074c311ae8}: Found class java.lang.Object, but interface was expected> (0x000000074c311ae8) thrown at [t:/workspace/open/src/hotspot/share/interpreter/linkResolver.cpp, line 843]

Events (10 events):
Event: 3.008 Executing VM operation: Deoptimize done
Event: 3.008 loading class org/springframework/context/annotation/ConfigurationClassParser$DeferredImportSelectorHandler
Event: 3.008 loading class org/springframework/context/annotation/ConfigurationClassParser$DeferredImportSelectorHandler done
Event: 3.008 loading class com/fasterxml/jackson/datatype/jsr310/ser/key/ZonedDateTimeKeySerializer
Event: 3.008 loading class com/fasterxml/jackson/datatype/jsr310/ser/key/ZonedDateTimeKeySerializer done
Event: 3.009 loading class org/springframework/context/annotation/ComponentScanAnnotationParser
Event: 3.009 loading class org/springframework/context/annotation/ComponentScanAnnotationParser done
Event: 3.009 loading class com/fasterxml/jackson/datatype/jsr310/deser/key/DurationKeyDeserializer
Event: 3.009 loading class com/fasterxml/jackson/datatype/jsr310/deser/key/DurationKeyDeserializer done
Event: 3.009 Executing VM operation: CollectForMetadataAllocation


Dynamic libraries:
0x00007ff7daba0000 - 0x00007ff7dabaf000 	D:\Java\jdk-12.0.2\bin\java.exe
0x00007ffde19e0000 - 0x00007ffde1bd0000 	C:\Windows\SYSTEM32\ntdll.dll
0x00007ffddfc60000 - 0x00007ffddfd12000 	C:\Windows\System32\KERNEL32.DLL
0x00007ffddec00000 - 0x00007ffddeea4000 	C:\Windows\System32\KERNELBASE.dll
0x00007ffddeeb0000 - 0x00007ffddefaa000 	C:\Windows\System32\ucrtbase.dll
0x00007ffdb6e70000 - 0x00007ffdb6e88000 	D:\Java\jdk-12.0.2\bin\jli.dll
0x00007ffddfbb0000 - 0x00007ffddfc53000 	C:\Windows\System32\ADVAPI32.dll
0x00007ffde00c0000 - 0x00007ffde015e000 	C:\Windows\System32\msvcrt.dll
0x00007ffde0210000 - 0x00007ffde02a7000 	C:\Windows\System32\sechost.dll
0x00007ffde0890000 - 0x00007ffde09b0000 	C:\Windows\System32\RPCRT4.dll
0x00007ffdb5ec0000 - 0x00007ffdb5ed6000 	D:\Java\jdk-12.0.2\bin\VCRUNTIME140.dll
0x00007ffde0500000 - 0x00007ffde0695000 	C:\Windows\System32\USER32.dll
0x00007ffddf980000 - 0x00007ffddf9a1000 	C:\Windows\System32\win32u.dll
0x00007ffde0f60000 - 0x00007ffde0f86000 	C:\Windows\System32\GDI32.dll
0x00007ffddea10000 - 0x00007ffddeba6000 	C:\Windows\System32\gdi32full.dll
0x00007ffddf8e0000 - 0x00007ffddf97e000 	C:\Windows\System32\msvcp_win.dll
0x00007ffdd00d0000 - 0x00007ffdd0354000 	C:\Windows\WinSxS\amd64_microsoft.windows.common-controls_6595b64144ccf1df_6.0.18362.1016_none_9e7a36bbe461dae4\COMCTL32.dll
0x00007ffddfd20000 - 0x00007ffde0055000 	C:\Windows\System32\combase.dll
0x00007ffddf9b0000 - 0x00007ffddfa30000 	C:\Windows\System32\bcryptPrimitives.dll
0x00007ffdcec20000 - 0x00007ffdcec2a000 	C:\Windows\SYSTEM32\VERSION.dll
0x00007ffde0f90000 - 0x00007ffde0fbe000 	C:\Windows\System32\IMM32.DLL
0x00007ffdabb20000 - 0x00007ffdabbca000 	D:\Java\jdk-12.0.2\bin\msvcp140.dll
0x00007ffd8fb80000 - 0x00007ffd906f7000 	D:\Java\jdk-12.0.2\bin\server\jvm.dll
0x00007ffddfba0000 - 0x00007ffddfba8000 	C:\Windows\System32\PSAPI.DLL
0x00007ffdcf980000 - 0x00007ffdcf989000 	C:\Windows\SYSTEM32\WSOCK32.dll
0x00007ffde06a0000 - 0x00007ffde070f000 	C:\Windows\System32\WS2_32.dll
0x00007ffddb530000 - 0x00007ffddb554000 	C:\Windows\SYSTEM32\WINMM.dll
0x00007ffddb500000 - 0x00007ffddb52d000 	C:\Windows\SYSTEM32\WINMMBASE.dll
0x00007ffddebb0000 - 0x00007ffddebfa000 	C:\Windows\System32\cfgmgr32.dll
0x00007ffdde8a0000 - 0x00007ffdde8b1000 	C:\Windows\System32\kernel.appcore.dll
0x00007ffdb5790000 - 0x00007ffdb57a1000 	D:\Java\jdk-12.0.2\bin\verify.dll
0x00007ffdcaec0000 - 0x00007ffdcb0b4000 	C:\Windows\SYSTEM32\DBGHELP.DLL
0x00007ffdcae90000 - 0x00007ffdcaeba000 	C:\Windows\SYSTEM32\dbgcore.DLL
0x00007ffdb3450000 - 0x00007ffdb3476000 	D:\Java\jdk-12.0.2\bin\java.dll
0x00007ffdd7c40000 - 0x00007ffdd7c4e000 	D:\Java\jdk-12.0.2\bin\instrument.dll
0x00007ffdb3430000 - 0x00007ffdb3447000 	D:\Java\jdk-12.0.2\bin\zip.dll
0x00007ffdd0930000 - 0x00007ffdd093a000 	D:\Java\jdk-12.0.2\bin\jimage.dll
0x00007ffde0fc0000 - 0x00007ffde16a7000 	C:\Windows\System32\SHELL32.dll
0x00007ffde0710000 - 0x00007ffde07b9000 	C:\Windows\System32\shcore.dll
0x00007ffddf100000 - 0x00007ffddf882000 	C:\Windows\System32\windows.storage.dll
0x00007ffdde8e0000 - 0x00007ffdde903000 	C:\Windows\System32\profapi.dll
0x00007ffdde910000 - 0x00007ffdde95a000 	C:\Windows\System32\powrprof.dll
0x00007ffdde890000 - 0x00007ffdde8a0000 	C:\Windows\System32\UMPDC.dll
0x00007ffde0060000 - 0x00007ffde00b2000 	C:\Windows\System32\shlwapi.dll
0x00007ffddf890000 - 0x00007ffddf8a7000 	C:\Windows\System32\cryptsp.dll
0x00007ffdb3250000 - 0x00007ffdb3269000 	D:\Java\jdk-12.0.2\bin\net.dll
0x00007ffdd41e0000 - 0x00007ffdd42d0000 	C:\Windows\SYSTEM32\WINHTTP.dll
0x00007ffdd1cc0000 - 0x00007ffdd1e96000 	C:\Windows\SYSTEM32\urlmon.dll
0x00007ffdd1fc0000 - 0x00007ffdd2266000 	C:\Windows\SYSTEM32\iertutil.dll
0x00007ffdde2c0000 - 0x00007ffdde2cc000 	C:\Windows\SYSTEM32\CRYPTBASE.DLL
0x00007ffdde0f0000 - 0x00007ffdde157000 	C:\Windows\system32\mswsock.dll
0x00007ffdb31d0000 - 0x00007ffdb31e3000 	D:\Java\jdk-12.0.2\bin\nio.dll
0x00007ffdc9a80000 - 0x00007ffdc9a9a000 	D:\Program Files\JetBrains\IntelliJ IDEA 2020.1\bin\breakgen64.dll
0x00007ffddde40000 - 0x00007ffdddf0b000 	C:\Windows\SYSTEM32\DNSAPI.dll
0x00007ffde1990000 - 0x00007ffde1998000 	C:\Windows\System32\NSI.dll
0x00007ffddde00000 - 0x00007ffddde3a000 	C:\Windows\SYSTEM32\IPHLPAPI.DLL
0x00007ffdcc270000 - 0x00007ffdcc27a000 	C:\Windows\System32\rasadhlp.dll
0x00007ffdce4d0000 - 0x00007ffdce547000 	C:\Windows\System32\fwpuclnt.dll
0x00007ffddf8b0000 - 0x00007ffddf8d6000 	C:\Windows\System32\bcrypt.dll
0x00007ffdcfdb0000 - 0x00007ffdcfdb9000 	D:\Java\jdk-12.0.2\bin\management.dll
0x00007ffdcf990000 - 0x00007ffdcf99c000 	D:\Java\jdk-12.0.2\bin\management_ext.dll
0x00007ffdddc60000 - 0x00007ffdddc93000 	C:\Windows\system32\rsaenh.dll
0x00007ffdde7b0000 - 0x00007ffdde7d5000 	C:\Windows\SYSTEM32\USERENV.dll
0x00007ffdce4b0000 - 0x00007ffdce4c6000 	C:\Windows\SYSTEM32\dhcpcsvc6.DLL
0x00007ffdce490000 - 0x00007ffdce4ac000 	C:\Windows\SYSTEM32\dhcpcsvc.DLL
0x00007ffdc9f70000 - 0x00007ffdc9f86000 	C:\Windows\system32\napinsp.dll
0x00007ffdc9dd0000 - 0x00007ffdc9dea000 	C:\Windows\system32\pnrpnsp.dll
0x00007ffdc9dc0000 - 0x00007ffdc9dce000 	C:\Windows\System32\winrnr.dll
0x00007ffddb240000 - 0x00007ffddb25c000 	C:\Windows\system32\NLAapi.dll
0x00007ffdc9da0000 - 0x00007ffdc9db5000 	C:\Windows\system32\wshbth.dll

dbghelp: loaded successfully - version: 4.0.5 - missing functions: none
symbol engine: initialized successfully - sym options: 0x614 - pdb path: .;D:\Java\jdk-12.0.2\bin;C:\Windows\SYSTEM32;C:\Windows\WinSxS\amd64_microsoft.windows.common-controls_6595b64144ccf1df_6.0.18362.1016_none_9e7a36bbe461dae4;D:\Java\jdk-12.0.2\bin\server;D:\Program Files\JetBrains\IntelliJ IDEA 2020.1\bin

VM Arguments:
jvm_args: -XX:TieredStopAtLevel=1 -Xverify:none -Dspring.output.ansi.enabled=always -Dcom.sun.management.jmxremote -Dspring.jmx.enabled=true -Dspring.liveBeansView.mbeanDomain -Dspring.application.admin.enabled=true -javaagent:D:\Program Files\JetBrains\IntelliJ IDEA 2020.1\lib\idea_rt.jar=61127:D:\Program Files\JetBrains\IntelliJ IDEA 2020.1\bin -Dfile.encoding=UTF-8 
java_command: com.example.tagtool.TagtoolApplication
java_class_path (initial): F:\tagtool_file\tagtoolserver\target\classes;D:\apache-maven-3.6.2\MavenRepository\repo\org\springframework\boot\spring-boot-starter-jdbc\2.1.8.RELEASE\spring-boot-starter-jdbc-2.1.8.RELEASE.jar;D:\apache-maven-3.6.2\MavenRepository\repo\org\springframework\boot\spring-boot-starter\2.1.8.RELEASE\spring-boot-starter-2.1.8.RELEASE.jar;D:\apache-maven-3.6.2\MavenRepository\repo\org\springframework\boot\spring-boot-starter-logging\2.1.8.RELEASE\spring-boot-starter-logging-2.1.8.RELEASE.jar;D:\apache-maven-3.6.2\MavenRepository\repo\ch\qos\logback\logback-classic\1.2.3\logback-classic-1.2.3.jar;D:\apache-maven-3.6.2\MavenRepository\repo\ch\qos\logback\logback-core\1.2.3\logback-core-1.2.3.jar;D:\apache-maven-3.6.2\MavenRepository\repo\org\apache\logging\log4j\log4j-to-slf4j\2.11.2\log4j-to-slf4j-2.11.2.jar;D:\apache-maven-3.6.2\MavenRepository\repo\org\apache\logging\log4j\log4j-api\2.11.2\log4j-api-2.11.2.jar;D:\apache-maven-3.6.2\MavenRepository\repo\org\slf4j\jul-to-slf4j\1.7.28\jul-to-slf4j-1.7.28.jar;D:\apache-maven-3.6.2\MavenRepository\repo\javax\annotation\javax.annotation-api\1.3.2\javax.annotation-api-1.3.2.jar;D:\apache-maven-3.6.2\MavenRepository\repo\org\yaml\snakeyaml\1.23\snakeyaml-1.23.jar;D:\apache-maven-3.6.2\MavenRepository\repo\com\zaxxer\HikariCP\3.2.0\HikariCP-3.2.0.jar;D:\apache-maven-3.6.2\MavenRepository\repo\org\slf4j\slf4j-api\1.7.28\slf4j-api-1.7.28.jar;D:\apache-maven-3.6.2\MavenRepository\repo\org\springframework\spring-jdbc\5.1.9.RELEASE\spring-jdbc-5.1.9.RELEASE.jar;D:\apache-maven-3.6.2\MavenRepository\repo\org\springframework\spring-beans\5.1.9.RELEASE\spring-beans-5.1.9.RELEASE.jar;D:\apache-maven-3.6.2\MavenRepository\repo\org\springframework\spring-tx\5.1.9.RELEASE\spring-tx-5.1.9.RELEASE.jar;D:\apache-maven-3.6.2\MavenRepository\repo\org\springframework\boot\spring-boot-starter-web\2.1.8.RELEASE\spring-boot-starter-web-2.1.8.RELEASE.jar;D:\apache-maven-3.6.2\MavenRepository\repo\org\springframework\boot\s
Launcher Type: SUN_STANDARD

[Global flags]
     bool BytecodeVerificationLocal                = false                                     {product} {command line}
     bool BytecodeVerificationRemote               = false                                     {product} {command line}
     intx CICompilerCount                          = 3                                         {product} {ergonomic}
     uint ConcGCThreads                            = 1                                         {product} {ergonomic}
     uint G1ConcRefinementThreads                  = 4                                         {product} {ergonomic}
   size_t G1HeapRegionSize                         = 1048576                                   {product} {ergonomic}
    uintx GCDrainStackTargetSize                   = 64                                        {product} {ergonomic}
   size_t InitialHeapSize                          = 199229440                                 {product} {ergonomic}
     bool ManagementServer                         = true                                      {product} {command line}
   size_t MarkStackSize                            = 4194304                                   {product} {ergonomic}
   size_t MaxHeapSize                              = 3185573888                                {product} {ergonomic}
   size_t MaxNewSize                               = 1910505472                                {product} {ergonomic}
   size_t MinHeapDeltaBytes                        = 1048576                                   {product} {ergonomic}
    uintx NonNMethodCodeHeapSize                   = 6973028                                {pd product} {ergonomic}
    uintx NonProfiledCodeHeapSize                  = 244685212                              {pd product} {ergonomic}
    uintx ProfiledCodeHeapSize                     = 0                                      {pd product} {ergonomic}
    uintx ReservedCodeCacheSize                    = 251658240                              {pd product} {ergonomic}
     bool SegmentedCodeCache                       = true                                      {product} {ergonomic}
     intx TieredStopAtLevel                        = 1                                         {product} {command line}
     bool UseCompressedClassPointers               = true                                 {lp64_product} {ergonomic}
     bool UseCompressedOops                        = true                                 {lp64_product} {ergonomic}
     bool UseG1GC                                  = true                                      {product} {ergonomic}
     bool UseLargePagesIndividualAllocation        = false                                  {pd product} {ergonomic}

Logging:
Log output configuration:
 #0: stdout all=warning uptime,level,tags
 #1: stderr all=off uptime,level,tags

Environment Variables:
JAVA_HOME=D:\Java\jdk-12.0.2
PATH=D:\Program Files (x86)\NetSarang\Xshell 6\;C:\Windows\system32;C:\Windows;C:\Windows\System32\Wbem;C:\Windows\System32\WindowsPowerShell\v1.0\;C:\Windows\System32\OpenSSH\;D:\node.js\;D:\Java\jdk-12.0.2\bin;D:\MySQL Server 8.0\bin;D:\apache-maven-3.6.2\bin;D:\Program Files\MATLAB\R2017b\runtime\win64;D:\Program Files\MATLAB\R2017b\bin;D:\MATLAB Production Server\R2015a\runtime\win64;D:\MATLAB Production Server\R2015a\bin;D:\MATLAB Production Server\R2015a\polyspace\bin;D:\mingw64\bin;D:\Anaconda3;D:\Anaconda3\Library\mingw-w64\bin;D:\Anaconda3\Library\usr\bin;D:\Anaconda3\Library\bin;D:\Anaconda3\Scripts;C:\Users\LWZ\AppData\Local\Microsoft\WindowsApps;D:\Microsoft VS Code\bin;C:\Users\LWZ\AppData\Roaming\npm;D:\Program Files\Bandizip\
USERNAME=LWZ
OS=Windows_NT
PROCESSOR_IDENTIFIER=Intel64 Family 6 Model 78 Stepping 3, GenuineIntel



---------------  S Y S T E M  ---------------

OS: Windows 10 , 64 bit Build 18362 (10.0.18362.959)

CPU:total 4 (initial active 4) (2 cores per cpu, 2 threads per core) family 6 model 78 stepping 3, cmov, cx8, fxsr, mmx, sse, sse2, sse3, ssse3, sse4.1, sse4.2, popcnt, avx, avx2, aes, clmul, erms, 3dnowpref, lzcnt, ht, tsc, tscinvbit, bmi1, bmi2, adx, fma

Memory: 4k page, system-wide physical 12146M (5525M free)
TotalPageFile size 39683M (AvailPageFile size 1M)
current process WorkingSet (physical memory assigned to process): 115M, peak: 115M
current process commit charge ("private bytes"): 287M, peak: 288M

vm_info: Java HotSpot(TM) 64-Bit Server VM (12.0.2+10) for windows-amd64 JRE (12.0.2+10), built on Jul 16 2019 01:56:17 by "mach5one" with MS VC++ 15.5 (VS2017)

END.
